{"/Users/admin/gt/hc_lims/polecats/guzzle/hc_lims/src/components/BarcodeLabel.tsx": {"path":"/Users/admin/gt/hc_lims/polecats/guzzle/hc_lims/src/components/BarcodeLabel.tsx","statementMap":{"0":{"start":{"line":6,"column":17},"end":{"line":6,"column":null}},"1":{"start":{"line":18,"column":13},"end":{"line":39,"column":null}},"2":{"start":{"line":19,"column":8},"end":{"line":19,"column":44}},"3":{"start":{"line":21,"column":2},"end":{"line":34,"column":null}},"4":{"start":{"line":22,"column":4},"end":{"line":32,"column":null}},"5":{"start":{"line":23,"column":6},"end":{"line":32,"column":null}},"6":{"start":{"line":24,"column":8},"end":{"line":31,"column":null}},"7":{"start":{"line":36,"column":2},"end":{"line":39,"column":null}},"8":{"start":{"line":44,"column":13},"end":{"line":46,"column":null}},"9":{"start":{"line":45,"column":15},"end":{"line":45,"column":70}},"10":{"start":{"line":46,"column":2},"end":{"line":46,"column":null}},"11":{"start":{"line":49,"column":13},"end":{"line":70,"column":null}},"12":{"start":{"line":50,"column":8},"end":{"line":57,"column":null}},"13":{"start":{"line":51,"column":16},"end":{"line":51,"column":41}},"14":{"start":{"line":52,"column":4},"end":{"line":57,"column":null}},"15":{"start":{"line":53,"column":6},"end":{"line":53,"column":null}},"16":{"start":{"line":54,"column":6},"end":{"line":54,"column":null}},"17":{"start":{"line":55,"column":6},"end":{"line":55,"column":null}},"18":{"start":{"line":56,"column":6},"end":{"line":56,"column":null}},"19":{"start":{"line":57,"column":6},"end":{"line":57,"column":null}},"20":{"start":{"line":61,"column":2},"end":{"line":70,"column":null}},"21":{"start":{"line":75,"column":13},"end":{"line":101,"column":null}},"22":{"start":{"line":76,"column":8},"end":{"line":87,"column":null}},"23":{"start":{"line":77,"column":16},"end":{"line":77,"column":41}},"24":{"start":{"line":78,"column":4},"end":{"line":87,"column":null}},"25":{"start":{"line":79,"column":6},"end":{"line":79,"column":null}},"26":{"start":{"line":80,"column":6},"end":{"line":84,"column":null}},"27":{"start":{"line":81,"column":22},"end":{"line":81,"column":null}},"28":{"start":{"line":82,"column":20},"end":{"line":82,"column":50}},"29":{"start":{"line":83,"column":8},"end":{"line":83,"column":null}},"30":{"start":{"line":85,"column":6},"end":{"line":85,"column":null}},"31":{"start":{"line":86,"column":6},"end":{"line":86,"column":null}},"32":{"start":{"line":87,"column":6},"end":{"line":87,"column":null}},"33":{"start":{"line":87,"column":23},"end":{"line":87,"column":34}},"34":{"start":{"line":91,"column":2},"end":{"line":101,"column":null}},"35":{"start":{"line":96,"column":24},"end":{"line":99,"column":null}}},"fnMap":{"0":{"name":"(anonymous_0)","decl":{"start":{"line":18,"column":13},"end":{"line":18,"column":92}},"loc":{"start":{"line":18,"column":125},"end":{"line":39,"column":null}},"line":18},"1":{"name":"(anonymous_1)","decl":{"start":{"line":21,"column":2},"end":{"line":21,"column":18}},"loc":{"start":{"line":21,"column":18},"end":{"line":34,"column":6}},"line":21},"2":{"name":"(anonymous_2)","decl":{"start":{"line":44,"column":13},"end":{"line":44,"column":38}},"loc":{"start":{"line":44,"column":64},"end":{"line":46,"column":null}},"line":44},"3":{"name":"(anonymous_3)","decl":{"start":{"line":49,"column":13},"end":{"line":49,"column":63}},"loc":{"start":{"line":49,"column":118},"end":{"line":70,"column":null}},"line":49},"4":{"name":"(anonymous_4)","decl":{"start":{"line":50,"column":8},"end":{"line":50,"column":28}},"loc":{"start":{"line":50,"column":28},"end":{"line":57,"column":null}},"line":50},"5":{"name":"(anonymous_5)","decl":{"start":{"line":75,"column":13},"end":{"line":75,"column":129}},"loc":{"start":{"line":75,"column":161},"end":{"line":101,"column":null}},"line":75},"6":{"name":"(anonymous_6)","decl":{"start":{"line":76,"column":8},"end":{"line":76,"column":31}},"loc":{"start":{"line":76,"column":31},"end":{"line":87,"column":null}},"line":76},"7":{"name":"(anonymous_7)","decl":{"start":{"line":80,"column":12},"end":{"line":80,"column":20}},"loc":{"start":{"line":80,"column":25},"end":{"line":84,"column":null}},"line":80},"8":{"name":"(anonymous_8)","decl":{"start":{"line":87,"column":6},"end":{"line":87,"column":23}},"loc":{"start":{"line":87,"column":23},"end":{"line":87,"column":34}},"line":87},"9":{"name":"(anonymous_9)","decl":{"start":{"line":96,"column":15},"end":{"line":96,"column":19}},"loc":{"start":{"line":96,"column":24},"end":{"line":99,"column":null}},"line":96}},"branchMap":{"0":{"loc":{"start":{"line":18,"column":107},"end":{"line":18,"column":125}},"type":"default-arg","locations":[{"start":{"line":18,"column":116},"end":{"line":18,"column":125}}],"line":18},"1":{"loc":{"start":{"line":22,"column":4},"end":{"line":32,"column":null}},"type":"if","locations":[{"start":{"line":22,"column":4},"end":{"line":32,"column":null}},{"start":{},"end":{}}],"line":22},"2":{"loc":{"start":{"line":39,"column":7},"end":{"line":39,"column":null}},"type":"binary-expr","locations":[{"start":{"line":39,"column":7},"end":{"line":39,"column":16}},{"start":{"line":39,"column":16},"end":{"line":39,"column":null}}],"line":39},"3":{"loc":{"start":{"line":49,"column":96},"end":{"line":49,"column":118}},"type":"default-arg","locations":[{"start":{"line":49,"column":103},"end":{"line":49,"column":118}}],"line":49},"4":{"loc":{"start":{"line":52,"column":4},"end":{"line":57,"column":null}},"type":"if","locations":[{"start":{"line":52,"column":4},"end":{"line":57,"column":null}},{"start":{},"end":{}}],"line":52},"5":{"loc":{"start":{"line":54,"column":25},"end":{"line":54,"column":91}},"type":"binary-expr","locations":[{"start":{"line":54,"column":25},"end":{"line":54,"column":88}},{"start":{"line":54,"column":88},"end":{"line":54,"column":91}}],"line":54},"6":{"loc":{"start":{"line":69,"column":74},"end":{"line":69,"column":null}},"type":"cond-expr","locations":[{"start":{"line":69,"column":94},"end":{"line":69,"column":101}},{"start":{"line":69,"column":101},"end":{"line":69,"column":null}}],"line":69},"7":{"loc":{"start":{"line":69,"column":101},"end":{"line":69,"column":null}},"type":"cond-expr","locations":[{"start":{"line":69,"column":122},"end":{"line":69,"column":129}},{"start":{"line":69,"column":129},"end":{"line":69,"column":null}}],"line":69},"8":{"loc":{"start":{"line":69,"column":129},"end":{"line":69,"column":null}},"type":"cond-expr","locations":[{"start":{"line":69,"column":153},"end":{"line":69,"column":160}},{"start":{"line":69,"column":160},"end":{"line":69,"column":null}}],"line":69},"9":{"loc":{"start":{"line":78,"column":4},"end":{"line":87,"column":null}},"type":"if","locations":[{"start":{"line":78,"column":4},"end":{"line":87,"column":null}},{"start":{},"end":{}}],"line":78},"10":{"loc":{"start":{"line":83,"column":48},"end":{"line":83,"column":69}},"type":"binary-expr","locations":[{"start":{"line":83,"column":48},"end":{"line":83,"column":66}},{"start":{"line":83,"column":66},"end":{"line":83,"column":69}}],"line":83}},"s":{"0":4,"1":4,"2":155,"3":155,"4":18,"5":18,"6":18,"7":155,"8":4,"9":15,"10":15,"11":4,"12":25,"13":0,"14":0,"15":0,"16":0,"17":0,"18":0,"19":0,"20":25,"21":4,"22":25,"23":0,"24":0,"25":0,"26":0,"27":0,"28":0,"29":0,"30":0,"31":0,"32":0,"33":0,"34":25,"35":142},"f":{"0":155,"1":18,"2":15,"3":25,"4":0,"5":25,"6":0,"7":0,"8":0,"9":142},"b":{"0":[155],"1":[18,0],"2":[155,13],"3":[25],"4":[0,0],"5":[0,0],"6":[25,0],"7":[0,0],"8":[0,0],"9":[0,0],"10":[0,0]},"meta":{"lastBranch":11,"lastFunction":10,"lastStatement":36,"seen":{"s:6:17:6:Infinity":0,"s:18:13:39:Infinity":1,"f:18:13:18:92":0,"b:18:116:18:125":0,"s:19:8:19:44":2,"s:21:2:34:Infinity":3,"f:21:2:21:18":1,"b:22:4:32:Infinity:undefined:undefined:undefined:undefined":1,"s:22:4:32:Infinity":4,"s:23:6:32:Infinity":5,"s:24:8:31:Infinity":6,"s:36:2:39:Infinity":7,"b:39:7:39:16:39:16:39:Infinity":2,"s:44:13:46:Infinity":8,"f:44:13:44:38":2,"s:45:15:45:70":9,"s:46:2:46:Infinity":10,"s:49:13:70:Infinity":11,"f:49:13:49:63":3,"b:49:103:49:118":3,"s:50:8:57:Infinity":12,"f:50:8:50:28":4,"s:51:16:51:41":13,"b:52:4:57:Infinity:undefined:undefined:undefined:undefined":4,"s:52:4:57:Infinity":14,"s:53:6:53:Infinity":15,"s:54:6:54:Infinity":16,"b:54:25:54:88:54:88:54:91":5,"s:55:6:55:Infinity":17,"s:56:6:56:Infinity":18,"s:57:6:57:Infinity":19,"s:61:2:70:Infinity":20,"b:69:94:69:101:69:101:69:Infinity":6,"b:69:122:69:129:69:129:69:Infinity":7,"b:69:153:69:160:69:160:69:Infinity":8,"s:75:13:101:Infinity":21,"f:75:13:75:129":5,"s:76:8:87:Infinity":22,"f:76:8:76:31":6,"s:77:16:77:41":23,"b:78:4:87:Infinity:undefined:undefined:undefined:undefined":9,"s:78:4:87:Infinity":24,"s:79:6:79:Infinity":25,"s:80:6:84:Infinity":26,"f:80:12:80:20":7,"s:81:22:81:Infinity":27,"s:82:20:82:50":28,"s:83:8:83:Infinity":29,"b:83:48:83:66:83:66:83:69":10,"s:85:6:85:Infinity":30,"s:86:6:86:Infinity":31,"s:87:6:87:Infinity":32,"f:87:6:87:23":8,"s:87:23:87:34":33,"s:91:2:101:Infinity":34,"f:96:15:96:19":9,"s:96:24:99:Infinity":35}}}
,"/Users/admin/gt/hc_lims/polecats/guzzle/hc_lims/src/components/BatchActions.tsx": {"path":"/Users/admin/gt/hc_lims/polecats/guzzle/hc_lims/src/components/BatchActions.tsx","statementMap":{"0":{"start":{"line":14,"column":13},"end":{"line":49,"column":null}},"1":{"start":{"line":22,"column":2},"end":{"line":32,"column":null}},"2":{"start":{"line":22,"column":27},"end":{"line":32,"column":null}},"3":{"start":{"line":25,"column":22},"end":{"line":25,"column":53}},"4":{"start":{"line":26,"column":8},"end":{"line":26,"column":null}},"5":{"start":{"line":27,"column":8},"end":{"line":27,"column":null}},"6":{"start":{"line":28,"column":8},"end":{"line":28,"column":null}},"7":{"start":{"line":28,"column":31},"end":{"line":28,"column":58}},"8":{"start":{"line":29,"column":8},"end":{"line":29,"column":null}},"9":{"start":{"line":31,"column":86},"end":{"line":31,"column":110}},"10":{"start":{"line":35,"column":2},"end":{"line":49,"column":null}},"11":{"start":{"line":39,"column":57},"end":{"line":43,"column":11}},"12":{"start":{"line":42,"column":25},"end":{"line":42,"column":null}},"13":{"start":{"line":42,"column":124},"end":{"line":42,"column":179}},"14":{"start":{"line":42,"column":179},"end":{"line":42,"column":206}},"15":{"start":{"line":47,"column":93},"end":{"line":47,"column":242}},"16":{"start":{"line":47,"column":178},"end":{"line":47,"column":221}},"17":{"start":{"line":47,"column":221},"end":{"line":47,"column":241}},"18":{"start":{"line":48,"column":86},"end":{"line":48,"column":129}},"19":{"start":{"line":53,"column":34},"end":{"line":56,"column":null}}},"fnMap":{"0":{"name":"(anonymous_0)","decl":{"start":{"line":14,"column":13},"end":{"line":14,"column":58}},"loc":{"start":{"line":21,"column":6},"end":{"line":49,"column":null}},"line":21},"1":{"name":"(anonymous_1)","decl":{"start":{"line":24,"column":71},"end":{"line":24,"column":86}},"loc":{"start":{"line":24,"column":86},"end":{"line":29,"column":null}},"line":24},"2":{"name":"(anonymous_2)","decl":{"start":{"line":28,"column":14},"end":{"line":28,"column":31}},"loc":{"start":{"line":28,"column":31},"end":{"line":28,"column":58}},"line":28},"3":{"name":"(anonymous_3)","decl":{"start":{"line":31,"column":71},"end":{"line":31,"column":86}},"loc":{"start":{"line":31,"column":86},"end":{"line":31,"column":110}},"line":31},"4":{"name":"(anonymous_4)","decl":{"start":{"line":39,"column":47},"end":{"line":39,"column":51}},"loc":{"start":{"line":39,"column":57},"end":{"line":43,"column":11}},"line":39},"5":{"name":"(anonymous_5)","decl":{"start":{"line":42,"column":10},"end":{"line":42,"column":25}},"loc":{"start":{"line":42,"column":25},"end":{"line":42,"column":null}},"line":42},"6":{"name":"(anonymous_6)","decl":{"start":{"line":42,"column":110},"end":{"line":42,"column":122}},"loc":{"start":{"line":42,"column":122},"end":{"line":42,"column":206}},"line":42},"7":{"name":"(anonymous_7)","decl":{"start":{"line":47,"column":78},"end":{"line":47,"column":93}},"loc":{"start":{"line":47,"column":93},"end":{"line":47,"column":242}},"line":47},"8":{"name":"(anonymous_8)","decl":{"start":{"line":47,"column":164},"end":{"line":47,"column":176}},"loc":{"start":{"line":47,"column":176},"end":{"line":47,"column":241}},"line":47},"9":{"name":"(anonymous_9)","decl":{"start":{"line":48,"column":71},"end":{"line":48,"column":86}},"loc":{"start":{"line":48,"column":86},"end":{"line":48,"column":129}},"line":48}},"branchMap":{"0":{"loc":{"start":{"line":22,"column":2},"end":{"line":32,"column":null}},"type":"if","locations":[{"start":{"line":22,"column":2},"end":{"line":32,"column":null}},{"start":{},"end":{}}],"line":22},"1":{"loc":{"start":{"line":24,"column":7},"end":{"line":31,"column":24}},"type":"binary-expr","locations":[{"start":{"line":24,"column":7},"end":{"line":24,"column":24}},{"start":{"line":24,"column":24},"end":{"line":31,"column":24}}],"line":24},"2":{"loc":{"start":{"line":31,"column":7},"end":{"line":32,"column":null}},"type":"binary-expr","locations":[{"start":{"line":31,"column":7},"end":{"line":31,"column":24}},{"start":{"line":31,"column":24},"end":{"line":32,"column":null}}],"line":31},"3":{"loc":{"start":{"line":38,"column":7},"end":{"line":45,"column":null}},"type":"binary-expr","locations":[{"start":{"line":38,"column":7},"end":{"line":38,"column":24}},{"start":{"line":38,"column":24},"end":{"line":38,"column":null}},{"start":{"line":39,"column":8},"end":{"line":45,"column":null}}],"line":38},"4":{"loc":{"start":{"line":47,"column":7},"end":{"line":47,"column":null}},"type":"binary-expr","locations":[{"start":{"line":47,"column":7},"end":{"line":47,"column":24}},{"start":{"line":47,"column":24},"end":{"line":47,"column":null}}],"line":47},"5":{"loc":{"start":{"line":48,"column":7},"end":{"line":48,"column":null}},"type":"binary-expr","locations":[{"start":{"line":48,"column":7},"end":{"line":48,"column":24}},{"start":{"line":48,"column":24},"end":{"line":48,"column":null}}],"line":48}},"s":{"0":1,"1":2,"2":1,"3":0,"4":0,"5":0,"6":0,"7":0,"8":0,"9":0,"10":1,"11":1,"12":0,"13":0,"14":0,"15":0,"16":0,"17":0,"18":0,"19":1},"f":{"0":2,"1":0,"2":0,"3":0,"4":1,"5":0,"6":0,"7":0,"8":0,"9":0},"b":{"0":[1,1],"1":[1,1],"2":[1,1],"3":[1,1,1],"4":[2,1],"5":[2,1]},"meta":{"lastBranch":6,"lastFunction":10,"lastStatement":20,"seen":{"s:14:13:49:Infinity":0,"f:14:13:14:58":0,"b:22:2:32:Infinity:undefined:undefined:undefined:undefined":0,"s:22:2:32:Infinity":1,"s:22:27:32:Infinity":2,"b:24:7:24:24:24:24:31:24":1,"f:24:71:24:86":1,"s:25:22:25:53":3,"s:26:8:26:Infinity":4,"s:27:8:27:Infinity":5,"s:28:8:28:Infinity":6,"f:28:14:28:31":2,"s:28:31:28:58":7,"s:29:8:29:Infinity":8,"b:31:7:31:24:31:24:32:Infinity":2,"f:31:71:31:86":3,"s:31:86:31:110":9,"s:35:2:49:Infinity":10,"b:38:7:38:24:38:24:38:Infinity:39:8:45:Infinity":3,"f:39:47:39:51":4,"s:39:57:43:11":11,"f:42:10:42:25":5,"s:42:25:42:Infinity":12,"f:42:110:42:122":6,"s:42:124:42:179":13,"s:42:179:42:206":14,"b:47:7:47:24:47:24:47:Infinity":4,"f:47:78:47:93":7,"s:47:93:47:242":15,"f:47:164:47:176":8,"s:47:178:47:221":16,"s:47:221:47:241":17,"b:48:7:48:24:48:24:48:Infinity":5,"f:48:71:48:86":9,"s:48:86:48:129":18,"s:53:34:56:Infinity":19}}}
,"/Users/admin/gt/hc_lims/polecats/guzzle/hc_lims/src/components/BreadcrumbNav.tsx": {"path":"/Users/admin/gt/hc_lims/polecats/guzzle/hc_lims/src/components/BreadcrumbNav.tsx","statementMap":{"0":{"start":{"line":6,"column":44},"end":{"line":30,"column":null}},"1":{"start":{"line":32,"column":13},"end":{"line":47,"column":null}},"2":{"start":{"line":33,"column":8},"end":{"line":33,"column":32}},"3":{"start":{"line":34,"column":8},"end":{"line":34,"column":32}},"4":{"start":{"line":35,"column":20},"end":{"line":35,"column":64}},"5":{"start":{"line":37,"column":16},"end":{"line":44,"column":null}},"6":{"start":{"line":38,"column":50},"end":{"line":38,"column":72}},"7":{"start":{"line":40,"column":19},"end":{"line":40,"column":60}},"8":{"start":{"line":41,"column":20},"end":{"line":41,"column":null}},"9":{"start":{"line":42,"column":6},"end":{"line":42,"column":null}},"10":{"start":{"line":42,"column":79},"end":{"line":42,"column":93}},"11":{"start":{"line":43,"column":6},"end":{"line":43,"column":null}},"12":{"start":{"line":47,"column":2},"end":{"line":47,"column":null}}},"fnMap":{"0":{"name":"(anonymous_0)","decl":{"start":{"line":32,"column":13},"end":{"line":32,"column":45}},"loc":{"start":{"line":32,"column":45},"end":{"line":47,"column":null}},"line":32},"1":{"name":"(anonymous_1)","decl":{"start":{"line":38,"column":35},"end":{"line":38,"column":50}},"loc":{"start":{"line":38,"column":50},"end":{"line":38,"column":72}},"line":38},"2":{"name":"(anonymous_2)","decl":{"start":{"line":39,"column":17},"end":{"line":39,"column":25}},"loc":{"start":{"line":39,"column":49},"end":{"line":44,"column":9}},"line":39},"3":{"name":"(anonymous_3)","decl":{"start":{"line":42,"column":64},"end":{"line":42,"column":79}},"loc":{"start":{"line":42,"column":79},"end":{"line":42,"column":93}},"line":42}},"branchMap":{"0":{"loc":{"start":{"line":41,"column":20},"end":{"line":41,"column":null}},"type":"binary-expr","locations":[{"start":{"line":41,"column":20},"end":{"line":41,"column":41}},{"start":{"line":41,"column":41},"end":{"line":41,"column":null}}],"line":41},"1":{"loc":{"start":{"line":42,"column":24},"end":{"line":42,"column":109}},"type":"cond-expr","locations":[{"start":{"line":42,"column":53},"end":{"line":42,"column":61}},{"start":{"line":42,"column":61},"end":{"line":42,"column":109}}],"line":42}},"s":{"0":1,"1":1,"2":3,"3":3,"4":3,"5":3,"6":0,"7":4,"8":4,"9":4,"10":0,"11":4,"12":3},"f":{"0":3,"1":0,"2":4,"3":0},"b":{"0":[4,1],"1":[3,1]},"meta":{"lastBranch":2,"lastFunction":4,"lastStatement":13,"seen":{"s:6:44:30:Infinity":0,"s:32:13:47:Infinity":1,"f:32:13:32:45":0,"s:33:8:33:32":2,"s:34:8:34:32":3,"s:35:20:35:64":4,"s:37:16:44:Infinity":5,"f:38:35:38:50":1,"s:38:50:38:72":6,"f:39:17:39:25":2,"s:40:19:40:60":7,"s:41:20:41:Infinity":8,"b:41:20:41:41:41:41:41:Infinity":0,"s:42:6:42:Infinity":9,"b:42:53:42:61:42:61:42:109":1,"f:42:64:42:79":3,"s:42:79:42:93":10,"s:43:6:43:Infinity":11,"s:47:2:47:Infinity":12}}}
,"/Users/admin/gt/hc_lims/polecats/guzzle/hc_lims/src/components/CustomWorkspace.tsx": {"path":"/Users/admin/gt/hc_lims/polecats/guzzle/hc_lims/src/components/CustomWorkspace.tsx","statementMap":{"0":{"start":{"line":5,"column":17},"end":{"line":5,"column":null}},"1":{"start":{"line":14,"column":29},"end":{"line":23,"column":null}},"2":{"start":{"line":25,"column":13},"end":{"line":57,"column":null}},"3":{"start":{"line":26,"column":18},"end":{"line":26,"column":66}},"4":{"start":{"line":27,"column":8},"end":{"line":29,"column":null}},"5":{"start":{"line":28,"column":4},"end":{"line":29,"column":null}},"6":{"start":{"line":28,"column":17},"end":{"line":28,"column":null}},"7":{"start":{"line":29,"column":9},"end":{"line":29,"column":null}},"8":{"start":{"line":29,"column":40},"end":{"line":29,"column":50}},"9":{"start":{"line":32,"column":8},"end":{"line":34,"column":null}},"10":{"start":{"line":33,"column":4},"end":{"line":33,"column":null}},"11":{"start":{"line":34,"column":4},"end":{"line":34,"column":null}},"12":{"start":{"line":37,"column":2},"end":{"line":57,"column":null}},"13":{"start":{"line":41,"column":8},"end":{"line":53,"column":null}},"14":{"start":{"line":49,"column":73},"end":{"line":49,"column":89}}},"fnMap":{"0":{"name":"(anonymous_0)","decl":{"start":{"line":25,"column":13},"end":{"line":25,"column":145}},"loc":{"start":{"line":25,"column":191},"end":{"line":57,"column":null}},"line":25},"1":{"name":"(anonymous_1)","decl":{"start":{"line":27,"column":8},"end":{"line":27,"column":18}},"loc":{"start":{"line":27,"column":52},"end":{"line":29,"column":null}},"line":27},"2":{"name":"(anonymous_2)","decl":{"start":{"line":29,"column":28},"end":{"line":29,"column":35}},"loc":{"start":{"line":29,"column":40},"end":{"line":29,"column":50}},"line":29},"3":{"name":"(anonymous_3)","decl":{"start":{"line":32,"column":8},"end":{"line":32,"column":27}},"loc":{"start":{"line":32,"column":27},"end":{"line":34,"column":null}},"line":32},"4":{"name":"(anonymous_4)","decl":{"start":{"line":40,"column":18},"end":{"line":40,"column":23}},"loc":{"start":{"line":41,"column":8},"end":{"line":53,"column":null}},"line":41},"5":{"name":"(anonymous_5)","decl":{"start":{"line":49,"column":56},"end":{"line":49,"column":67}},"loc":{"start":{"line":49,"column":73},"end":{"line":49,"column":89}},"line":49}},"branchMap":{"0":{"loc":{"start":{"line":28,"column":4},"end":{"line":29,"column":null}},"type":"if","locations":[{"start":{"line":28,"column":4},"end":{"line":29,"column":null}},{"start":{"line":29,"column":9},"end":{"line":29,"column":null}}],"line":28},"1":{"loc":{"start":{"line":50,"column":15},"end":{"line":50,"column":null}},"type":"binary-expr","locations":[{"start":{"line":50,"column":15},"end":{"line":50,"column":38}},{"start":{"line":50,"column":42},"end":{"line":50,"column":null}}],"line":50}},"s":{"0":2,"1":2,"2":2,"3":2,"4":2,"5":0,"6":0,"7":0,"8":0,"9":2,"10":0,"11":0,"12":2,"13":16,"14":0},"f":{"0":2,"1":0,"2":0,"3":0,"4":16,"5":0},"b":{"0":[0,0],"1":[16,3]},"meta":{"lastBranch":2,"lastFunction":6,"lastStatement":15,"seen":{"s:5:17:5:Infinity":0,"s:14:29:23:Infinity":1,"s:25:13:57:Infinity":2,"f:25:13:25:145":0,"s:26:18:26:66":3,"s:27:8:29:Infinity":4,"f:27:8:27:18":1,"b:28:4:29:Infinity:29:9:29:Infinity":0,"s:28:4:29:Infinity":5,"s:28:17:28:Infinity":6,"s:29:9:29:Infinity":7,"f:29:28:29:35":2,"s:29:40:29:50":8,"s:32:8:34:Infinity":9,"f:32:8:32:27":3,"s:33:4:33:Infinity":10,"s:34:4:34:Infinity":11,"s:37:2:57:Infinity":12,"f:40:18:40:23":4,"s:41:8:53:Infinity":13,"f:49:56:49:67":5,"s:49:73:49:89":14,"b:50:15:50:38:50:42:50:Infinity":1}}}
,"/Users/admin/gt/hc_lims/polecats/guzzle/hc_lims/src/components/DynamicFieldRenderer.tsx": {"path":"/Users/admin/gt/hc_lims/polecats/guzzle/hc_lims/src/components/DynamicFieldRenderer.tsx","statementMap":{"0":{"start":{"line":6,"column":21},"end":{"line":6,"column":null}},"1":{"start":{"line":7,"column":19},"end":{"line":7,"column":null}},"2":{"start":{"line":20,"column":13},"end":{"line":176,"column":null}},"3":{"start":{"line":26,"column":8},"end":{"line":49,"column":15}},"4":{"start":{"line":27,"column":51},"end":{"line":27,"column":53}},"5":{"start":{"line":28,"column":19},"end":{"line":30,"column":72}},"6":{"start":{"line":29,"column":26},"end":{"line":29,"column":45}},"7":{"start":{"line":30,"column":21},"end":{"line":30,"column":72}},"8":{"start":{"line":32,"column":4},"end":{"line":46,"column":null}},"9":{"start":{"line":33,"column":17},"end":{"line":33,"column":null}},"10":{"start":{"line":34,"column":6},"end":{"line":34,"column":null}},"11":{"start":{"line":34,"column":19},"end":{"line":34,"column":null}},"12":{"start":{"line":35,"column":6},"end":{"line":46,"column":null}},"13":{"start":{"line":48,"column":4},"end":{"line":48,"column":null}},"14":{"start":{"line":52,"column":8},"end":{"line":69,"column":null}},"15":{"start":{"line":53,"column":4},"end":{"line":53,"column":null}},"16":{"start":{"line":53,"column":52},"end":{"line":53,"column":null}},"17":{"start":{"line":54,"column":4},"end":{"line":69,"column":null}},"18":{"start":{"line":55,"column":18},"end":{"line":55,"column":null}},"19":{"start":{"line":56,"column":6},"end":{"line":67,"column":null}},"20":{"start":{"line":57,"column":19},"end":{"line":57,"column":null}},"21":{"start":{"line":58,"column":20},"end":{"line":58,"column":null}},"22":{"start":{"line":59,"column":19},"end":{"line":59,"column":null}},"23":{"start":{"line":60,"column":19},"end":{"line":60,"column":null}},"24":{"start":{"line":61,"column":20},"end":{"line":61,"column":null}},"25":{"start":{"line":62,"column":19},"end":{"line":62,"column":null}},"26":{"start":{"line":63,"column":20},"end":{"line":63,"column":null}},"27":{"start":{"line":64,"column":25},"end":{"line":64,"column":null}},"28":{"start":{"line":65,"column":22},"end":{"line":65,"column":null}},"29":{"start":{"line":66,"column":25},"end":{"line":66,"column":null}},"30":{"start":{"line":67,"column":17},"end":{"line":67,"column":null}},"31":{"start":{"line":73,"column":8},"end":{"line":154,"column":null}},"32":{"start":{"line":74,"column":18},"end":{"line":74,"column":20}},"33":{"start":{"line":75,"column":4},"end":{"line":75,"column":null}},"34":{"start":{"line":75,"column":24},"end":{"line":75,"column":null}},"35":{"start":{"line":76,"column":4},"end":{"line":86,"column":null}},"36":{"start":{"line":77,"column":6},"end":{"line":78,"column":null}},"37":{"start":{"line":78,"column":8},"end":{"line":78,"column":null}},"38":{"start":{"line":79,"column":6},"end":{"line":80,"column":null}},"39":{"start":{"line":80,"column":8},"end":{"line":80,"column":null}},"40":{"start":{"line":81,"column":6},"end":{"line":82,"column":null}},"41":{"start":{"line":82,"column":8},"end":{"line":82,"column":null}},"42":{"start":{"line":83,"column":6},"end":{"line":84,"column":null}},"43":{"start":{"line":84,"column":8},"end":{"line":84,"column":null}},"44":{"start":{"line":85,"column":6},"end":{"line":86,"column":null}},"45":{"start":{"line":86,"column":8},"end":{"line":86,"column":null}},"46":{"start":{"line":91,"column":4},"end":{"line":142,"column":null}},"47":{"start":{"line":93,"column":8},"end":{"line":93,"column":null}},"48":{"start":{"line":94,"column":8},"end":{"line":94,"column":null}},"49":{"start":{"line":96,"column":8},"end":{"line":97,"column":null}},"50":{"start":{"line":98,"column":8},"end":{"line":98,"column":null}},"51":{"start":{"line":100,"column":8},"end":{"line":100,"column":null}},"52":{"start":{"line":101,"column":8},"end":{"line":101,"column":null}},"53":{"start":{"line":103,"column":8},"end":{"line":103,"column":null}},"54":{"start":{"line":104,"column":8},"end":{"line":104,"column":null}},"55":{"start":{"line":106,"column":8},"end":{"line":109,"column":null}},"56":{"start":{"line":108,"column":37},"end":{"line":108,"column":null}},"57":{"start":{"line":111,"column":8},"end":{"line":111,"column":null}},"58":{"start":{"line":113,"column":8},"end":{"line":116,"column":null}},"59":{"start":{"line":115,"column":37},"end":{"line":115,"column":null}},"60":{"start":{"line":118,"column":8},"end":{"line":118,"column":null}},"61":{"start":{"line":120,"column":8},"end":{"line":123,"column":null}},"62":{"start":{"line":122,"column":37},"end":{"line":122,"column":null}},"63":{"start":{"line":125,"column":8},"end":{"line":125,"column":null}},"64":{"start":{"line":127,"column":8},"end":{"line":127,"column":null}},"65":{"start":{"line":128,"column":8},"end":{"line":128,"column":null}},"66":{"start":{"line":130,"column":8},"end":{"line":133,"column":null}},"67":{"start":{"line":131,"column":58},"end":{"line":131,"column":null}},"68":{"start":{"line":135,"column":8},"end":{"line":135,"column":null}},"69":{"start":{"line":137,"column":8},"end":{"line":139,"column":null}},"70":{"start":{"line":140,"column":8},"end":{"line":140,"column":null}},"71":{"start":{"line":142,"column":8},"end":{"line":142,"column":null}},"72":{"start":{"line":145,"column":4},"end":{"line":154,"column":null}},"73":{"start":{"line":159,"column":23},"end":{"line":159,"column":45}},"74":{"start":{"line":160,"column":2},"end":{"line":161,"column":null}},"75":{"start":{"line":161,"column":4},"end":{"line":161,"column":null}},"76":{"start":{"line":164,"column":2},"end":{"line":176,"column":null}},"77":{"start":{"line":167,"column":8},"end":{"line":174,"column":null}},"78":{"start":{"line":184,"column":32},"end":{"line":184,"column":34}},"79":{"start":{"line":185,"column":2},"end":{"line":187,"column":null}},"80":{"start":{"line":186,"column":4},"end":{"line":187,"column":null}},"81":{"start":{"line":187,"column":6},"end":{"line":187,"column":null}},"82":{"start":{"line":190,"column":2},"end":{"line":190,"column":null}},"83":{"start":{"line":197,"column":2},"end":{"line":211,"column":null}},"84":{"start":{"line":198,"column":17},"end":{"line":198,"column":36}},"85":{"start":{"line":199,"column":20},"end":{"line":199,"column":46}},"86":{"start":{"line":200,"column":15},"end":{"line":211,"column":7}}},"fnMap":{"0":{"name":"(anonymous_0)","decl":{"start":{"line":20,"column":13},"end":{"line":20,"column":74}},"loc":{"start":{"line":24,"column":6},"end":{"line":176,"column":null}},"line":24},"1":{"name":"(anonymous_1)","decl":{"start":{"line":26,"column":17},"end":{"line":26,"column":31}},"loc":{"start":{"line":26,"column":31},"end":{"line":49,"column":6}},"line":26},"2":{"name":"(anonymous_2)","decl":{"start":{"line":29,"column":7},"end":{"line":29,"column":15}},"loc":{"start":{"line":29,"column":26},"end":{"line":29,"column":45}},"line":29},"3":{"name":"(anonymous_3)","decl":{"start":{"line":30,"column":7},"end":{"line":30,"column":13}},"loc":{"start":{"line":30,"column":21},"end":{"line":30,"column":72}},"line":30},"4":{"name":"(anonymous_4)","decl":{"start":{"line":52,"column":8},"end":{"line":52,"column":22}},"loc":{"start":{"line":52,"column":58},"end":{"line":69,"column":null}},"line":52},"5":{"name":"(anonymous_5)","decl":{"start":{"line":54,"column":24},"end":{"line":54,"column":30}},"loc":{"start":{"line":54,"column":38},"end":{"line":69,"column":null}},"line":54},"6":{"name":"(anonymous_6)","decl":{"start":{"line":73,"column":8},"end":{"line":73,"column":23}},"loc":{"start":{"line":73,"column":50},"end":{"line":154,"column":null}},"line":73},"7":{"name":"(anonymous_7)","decl":{"start":{"line":108,"column":28},"end":{"line":108,"column":32}},"loc":{"start":{"line":108,"column":37},"end":{"line":108,"column":null}},"line":108},"8":{"name":"(anonymous_8)","decl":{"start":{"line":115,"column":28},"end":{"line":115,"column":32}},"loc":{"start":{"line":115,"column":37},"end":{"line":115,"column":null}},"line":115},"9":{"name":"(anonymous_9)","decl":{"start":{"line":122,"column":28},"end":{"line":122,"column":32}},"loc":{"start":{"line":122,"column":37},"end":{"line":122,"column":null}},"line":122},"10":{"name":"(anonymous_10)","decl":{"start":{"line":131,"column":38},"end":{"line":131,"column":58}},"loc":{"start":{"line":131,"column":58},"end":{"line":131,"column":null}},"line":131},"11":{"name":"(anonymous_11)","decl":{"start":{"line":166,"column":20},"end":{"line":166,"column":25}},"loc":{"start":{"line":167,"column":8},"end":{"line":174,"column":null}},"line":167},"12":{"name":"getDefaultValues","decl":{"start":{"line":183,"column":16},"end":{"line":183,"column":33}},"loc":{"start":{"line":183,"column":72},"end":{"line":190,"column":null}},"line":183},"13":{"name":"configsToSchema","decl":{"start":{"line":196,"column":16},"end":{"line":196,"column":32}},"loc":{"start":{"line":196,"column":75},"end":{"line":211,"column":null}},"line":196},"14":{"name":"(anonymous_14)","decl":{"start":{"line":198,"column":5},"end":{"line":198,"column":12}},"loc":{"start":{"line":198,"column":17},"end":{"line":198,"column":36}},"line":198},"15":{"name":"(anonymous_15)","decl":{"start":{"line":199,"column":5},"end":{"line":199,"column":11}},"loc":{"start":{"line":199,"column":20},"end":{"line":199,"column":46}},"line":199},"16":{"name":"(anonymous_16)","decl":{"start":{"line":200,"column":5},"end":{"line":200,"column":9}},"loc":{"start":{"line":200,"column":15},"end":{"line":211,"column":7}},"line":200}},"branchMap":{"0":{"loc":{"start":{"line":22,"column":2},"end":{"line":22,"column":13}},"type":"default-arg","locations":[{"start":{"line":22,"column":11},"end":{"line":22,"column":13}}],"line":22},"1":{"loc":{"start":{"line":23,"column":2},"end":{"line":23,"column":null}},"type":"default-arg","locations":[{"start":{"line":23,"column":13},"end":{"line":23,"column":null}}],"line":23},"2":{"loc":{"start":{"line":30,"column":33},"end":{"line":30,"column":54}},"type":"binary-expr","locations":[{"start":{"line":30,"column":33},"end":{"line":30,"column":48}},{"start":{"line":30,"column":48},"end":{"line":30,"column":54}}],"line":30},"3":{"loc":{"start":{"line":30,"column":54},"end":{"line":30,"column":72}},"type":"binary-expr","locations":[{"start":{"line":30,"column":54},"end":{"line":30,"column":69}},{"start":{"line":30,"column":69},"end":{"line":30,"column":72}}],"line":30},"4":{"loc":{"start":{"line":33,"column":17},"end":{"line":33,"column":null}},"type":"binary-expr","locations":[{"start":{"line":33,"column":17},"end":{"line":33,"column":40}},{"start":{"line":33,"column":40},"end":{"line":33,"column":null}}],"line":33},"5":{"loc":{"start":{"line":34,"column":6},"end":{"line":34,"column":null}},"type":"if","locations":[{"start":{"line":34,"column":6},"end":{"line":34,"column":null}},{"start":{},"end":{}}],"line":34},"6":{"loc":{"start":{"line":36,"column":14},"end":{"line":36,"column":null}},"type":"binary-expr","locations":[{"start":{"line":36,"column":14},"end":{"line":36,"column":37}},{"start":{"line":36,"column":37},"end":{"line":36,"column":null}}],"line":36},"7":{"loc":{"start":{"line":38,"column":15},"end":{"line":38,"column":null}},"type":"binary-expr","locations":[{"start":{"line":38,"column":15},"end":{"line":38,"column":39}},{"start":{"line":38,"column":39},"end":{"line":38,"column":null}}],"line":38},"8":{"loc":{"start":{"line":44,"column":17},"end":{"line":44,"column":null}},"type":"binary-expr","locations":[{"start":{"line":44,"column":17},"end":{"line":44,"column":46}},{"start":{"line":44,"column":46},"end":{"line":44,"column":null}}],"line":44},"9":{"loc":{"start":{"line":53,"column":4},"end":{"line":53,"column":null}},"type":"if","locations":[{"start":{"line":53,"column":4},"end":{"line":53,"column":null}},{"start":{},"end":{}}],"line":53},"10":{"loc":{"start":{"line":53,"column":8},"end":{"line":53,"column":52}},"type":"binary-expr","locations":[{"start":{"line":53,"column":8},"end":{"line":53,"column":25}},{"start":{"line":53,"column":25},"end":{"line":53,"column":52}}],"line":53},"11":{"loc":{"start":{"line":56,"column":6},"end":{"line":67,"column":null}},"type":"switch","locations":[{"start":{"line":57,"column":8},"end":{"line":57,"column":null}},{"start":{"line":58,"column":8},"end":{"line":58,"column":null}},{"start":{"line":59,"column":8},"end":{"line":59,"column":null}},{"start":{"line":60,"column":8},"end":{"line":60,"column":null}},{"start":{"line":61,"column":8},"end":{"line":61,"column":null}},{"start":{"line":62,"column":8},"end":{"line":62,"column":null}},{"start":{"line":63,"column":8},"end":{"line":63,"column":null}},{"start":{"line":64,"column":8},"end":{"line":64,"column":null}},{"start":{"line":65,"column":8},"end":{"line":65,"column":null}},{"start":{"line":66,"column":8},"end":{"line":66,"column":null}},{"start":{"line":67,"column":8},"end":{"line":67,"column":null}}],"line":56},"12":{"loc":{"start":{"line":59,"column":26},"end":{"line":59,"column":null}},"type":"cond-expr","locations":[{"start":{"line":59,"column":55},"end":{"line":59,"column":89}},{"start":{"line":59,"column":92},"end":{"line":59,"column":null}}],"line":59},"13":{"loc":{"start":{"line":60,"column":26},"end":{"line":60,"column":null}},"type":"binary-expr","locations":[{"start":{"line":60,"column":26},"end":{"line":60,"column":53}},{"start":{"line":60,"column":53},"end":{"line":60,"column":87}},{"start":{"line":60,"column":87},"end":{"line":60,"column":null}}],"line":60},"14":{"loc":{"start":{"line":61,"column":27},"end":{"line":61,"column":null}},"type":"binary-expr","locations":[{"start":{"line":61,"column":27},"end":{"line":61,"column":54}},{"start":{"line":61,"column":54},"end":{"line":61,"column":88}},{"start":{"line":61,"column":88},"end":{"line":61,"column":null}}],"line":61},"15":{"loc":{"start":{"line":62,"column":26},"end":{"line":62,"column":null}},"type":"binary-expr","locations":[{"start":{"line":62,"column":26},"end":{"line":62,"column":53}},{"start":{"line":62,"column":53},"end":{"line":62,"column":87}},{"start":{"line":62,"column":87},"end":{"line":62,"column":null}}],"line":62},"16":{"loc":{"start":{"line":63,"column":27},"end":{"line":63,"column":null}},"type":"binary-expr","locations":[{"start":{"line":63,"column":27},"end":{"line":63,"column":54}},{"start":{"line":63,"column":54},"end":{"line":63,"column":88}},{"start":{"line":63,"column":88},"end":{"line":63,"column":null}}],"line":63},"17":{"loc":{"start":{"line":65,"column":29},"end":{"line":65,"column":null}},"type":"binary-expr","locations":[{"start":{"line":65,"column":29},"end":{"line":65,"column":37}},{"start":{"line":65,"column":37},"end":{"line":65,"column":null}}],"line":65},"18":{"loc":{"start":{"line":66,"column":32},"end":{"line":66,"column":null}},"type":"binary-expr","locations":[{"start":{"line":66,"column":32},"end":{"line":66,"column":53}},{"start":{"line":66,"column":53},"end":{"line":66,"column":67}},{"start":{"line":66,"column":67},"end":{"line":66,"column":null}}],"line":66},"19":{"loc":{"start":{"line":75,"column":4},"end":{"line":75,"column":null}},"type":"if","locations":[{"start":{"line":75,"column":4},"end":{"line":75,"column":null}},{"start":{},"end":{}}],"line":75},"20":{"loc":{"start":{"line":76,"column":4},"end":{"line":86,"column":null}},"type":"if","locations":[{"start":{"line":76,"column":4},"end":{"line":86,"column":null}},{"start":{},"end":{}}],"line":76},"21":{"loc":{"start":{"line":77,"column":6},"end":{"line":78,"column":null}},"type":"if","locations":[{"start":{"line":77,"column":6},"end":{"line":78,"column":null}},{"start":{},"end":{}}],"line":77},"22":{"loc":{"start":{"line":77,"column":10},"end":{"line":77,"column":null}},"type":"binary-expr","locations":[{"start":{"line":77,"column":10},"end":{"line":77,"column":48}},{"start":{"line":77,"column":48},"end":{"line":77,"column":null}}],"line":77},"23":{"loc":{"start":{"line":79,"column":6},"end":{"line":80,"column":null}},"type":"if","locations":[{"start":{"line":79,"column":6},"end":{"line":80,"column":null}},{"start":{},"end":{}}],"line":79},"24":{"loc":{"start":{"line":79,"column":10},"end":{"line":79,"column":null}},"type":"binary-expr","locations":[{"start":{"line":79,"column":10},"end":{"line":79,"column":48}},{"start":{"line":79,"column":48},"end":{"line":79,"column":null}}],"line":79},"25":{"loc":{"start":{"line":81,"column":6},"end":{"line":82,"column":null}},"type":"if","locations":[{"start":{"line":81,"column":6},"end":{"line":82,"column":null}},{"start":{},"end":{}}],"line":81},"26":{"loc":{"start":{"line":83,"column":6},"end":{"line":84,"column":null}},"type":"if","locations":[{"start":{"line":83,"column":6},"end":{"line":84,"column":null}},{"start":{},"end":{}}],"line":83},"27":{"loc":{"start":{"line":85,"column":6},"end":{"line":86,"column":null}},"type":"if","locations":[{"start":{"line":85,"column":6},"end":{"line":86,"column":null}},{"start":{},"end":{}}],"line":85},"28":{"loc":{"start":{"line":91,"column":4},"end":{"line":142,"column":null}},"type":"switch","locations":[{"start":{"line":92,"column":6},"end":{"line":94,"column":null}},{"start":{"line":95,"column":6},"end":{"line":98,"column":null}},{"start":{"line":99,"column":6},"end":{"line":101,"column":null}},{"start":{"line":102,"column":6},"end":{"line":104,"column":null}},{"start":{"line":105,"column":6},"end":{"line":111,"column":null}},{"start":{"line":112,"column":6},"end":{"line":118,"column":null}},{"start":{"line":119,"column":6},"end":{"line":125,"column":null}},{"start":{"line":126,"column":6},"end":{"line":128,"column":null}},{"start":{"line":129,"column":6},"end":{"line":135,"column":null}},{"start":{"line":136,"column":6},"end":{"line":140,"column":null}},{"start":{"line":141,"column":6},"end":{"line":142,"column":null}}],"line":91},"29":{"loc":{"start":{"line":138,"column":11},"end":{"line":138,"column":null}},"type":"cond-expr","locations":[{"start":{"line":138,"column":22},"end":{"line":138,"column":30}},{"start":{"line":138,"column":30},"end":{"line":138,"column":null}}],"line":138},"30":{"loc":{"start":{"line":160,"column":2},"end":{"line":161,"column":null}},"type":"if","locations":[{"start":{"line":160,"column":2},"end":{"line":161,"column":null}},{"start":{},"end":{}}],"line":160},"31":{"loc":{"start":{"line":168,"column":11},"end":{"line":173,"column":18}},"type":"binary-expr","locations":[{"start":{"line":168,"column":11},"end":{"line":168,"column":null}},{"start":{"line":169,"column":12},"end":{"line":173,"column":18}}],"line":168},"32":{"loc":{"start":{"line":186,"column":4},"end":{"line":187,"column":null}},"type":"if","locations":[{"start":{"line":186,"column":4},"end":{"line":187,"column":null}},{"start":{},"end":{}}],"line":186},"33":{"loc":{"start":{"line":186,"column":8},"end":{"line":186,"column":65}},"type":"binary-expr","locations":[{"start":{"line":186,"column":8},"end":{"line":186,"column":40}},{"start":{"line":186,"column":40},"end":{"line":186,"column":65}}],"line":186}},"s":{"0":5,"1":5,"2":5,"3":74,"4":48,"5":48,"6":372,"7":318,"8":48,"9":364,"10":364,"11":108,"12":364,"13":48,"14":74,"15":518,"16":308,"17":210,"18":212,"19":212,"20":170,"21":1,"22":22,"23":2,"24":9,"25":1,"26":3,"27":2,"28":1,"29":1,"30":0,"31":74,"32":518,"33":518,"34":172,"35":518,"36":37,"37":35,"38":37,"39":35,"40":37,"41":2,"42":37,"43":2,"44":37,"45":0,"46":518,"47":2,"48":2,"49":135,"50":135,"51":22,"52":22,"53":2,"54":2,"55":91,"56":322,"57":91,"58":11,"59":22,"60":11,"61":11,"62":22,"63":11,"64":11,"65":11,"66":2,"67":0,"68":2,"69":2,"70":2,"71":229,"72":518,"73":74,"74":74,"75":28,"76":46,"77":146,"78":2,"79":2,"80":11,"81":2,"82":2,"83":2,"84":20,"85":16,"86":18},"f":{"0":74,"1":48,"2":372,"3":318,"4":518,"5":212,"6":518,"7":322,"8":22,"9":22,"10":0,"11":146,"12":2,"13":2,"14":20,"15":16,"16":18},"b":{"0":[74],"1":[74],"2":[318,0],"3":[318,1],"4":[364,0],"5":[108,256],"6":[364,0],"7":[364,0],"8":[364,253],"9":[308,210],"10":[518,210],"11":[170,1,22,2,9,1,3,2,1,1,0],"12":[22,0],"13":[2,2,2],"14":[9,3,3],"15":[1,1,1],"16":[3,3,3],"17":[1,0],"18":[1,1,1],"19":[172,346],"20":[37,481],"21":[35,2],"22":[37,35],"23":[35,2],"24":[37,35],"25":[2,35],"26":[2,35],"27":[0,37],"28":[2,135,22,2,91,11,11,11,2,2,229],"29":[0,2],"30":[28,46],"31":[146,146],"32":[2,9],"33":[11,2]},"meta":{"lastBranch":34,"lastFunction":17,"lastStatement":87,"seen":{"s:6:21:6:Infinity":0,"s:7:19:7:Infinity":1,"s:20:13:176:Infinity":2,"f:20:13:20:74":0,"b:22:11:22:13":0,"b:23:13:23:Infinity":1,"s:26:8:49:15":3,"f:26:17:26:31":1,"s:27:51:27:53":4,"s:28:19:30:72":5,"f:29:7:29:15":2,"s:29:26:29:45":6,"f:30:7:30:13":3,"s:30:21:30:72":7,"b:30:33:30:48:30:48:30:54":2,"b:30:54:30:69:30:69:30:72":3,"s:32:4:46:Infinity":8,"s:33:17:33:Infinity":9,"b:33:17:33:40:33:40:33:Infinity":4,"b:34:6:34:Infinity:undefined:undefined:undefined:undefined":5,"s:34:6:34:Infinity":10,"s:34:19:34:Infinity":11,"s:35:6:46:Infinity":12,"b:36:14:36:37:36:37:36:Infinity":6,"b:38:15:38:39:38:39:38:Infinity":7,"b:44:17:44:46:44:46:44:Infinity":8,"s:48:4:48:Infinity":13,"s:52:8:69:Infinity":14,"f:52:8:52:22":4,"b:53:4:53:Infinity:undefined:undefined:undefined:undefined":9,"s:53:4:53:Infinity":15,"b:53:8:53:25:53:25:53:52":10,"s:53:52:53:Infinity":16,"s:54:4:69:Infinity":17,"f:54:24:54:30":5,"s:55:18:55:Infinity":18,"b:57:8:57:Infinity:58:8:58:Infinity:59:8:59:Infinity:60:8:60:Infinity:61:8:61:Infinity:62:8:62:Infinity:63:8:63:Infinity:64:8:64:Infinity:65:8:65:Infinity:66:8:66:Infinity:67:8:67:Infinity":11,"s:56:6:67:Infinity":19,"s:57:19:57:Infinity":20,"s:58:20:58:Infinity":21,"s:59:19:59:Infinity":22,"b:59:55:59:89:59:92:59:Infinity":12,"s:60:19:60:Infinity":23,"b:60:26:60:53:60:53:60:87:60:87:60:Infinity":13,"s:61:20:61:Infinity":24,"b:61:27:61:54:61:54:61:88:61:88:61:Infinity":14,"s:62:19:62:Infinity":25,"b:62:26:62:53:62:53:62:87:62:87:62:Infinity":15,"s:63:20:63:Infinity":26,"b:63:27:63:54:63:54:63:88:63:88:63:Infinity":16,"s:64:25:64:Infinity":27,"s:65:22:65:Infinity":28,"b:65:29:65:37:65:37:65:Infinity":17,"s:66:25:66:Infinity":29,"b:66:32:66:53:66:53:66:67:66:67:66:Infinity":18,"s:67:17:67:Infinity":30,"s:73:8:154:Infinity":31,"f:73:8:73:23":6,"s:74:18:74:20":32,"b:75:4:75:Infinity:undefined:undefined:undefined:undefined":19,"s:75:4:75:Infinity":33,"s:75:24:75:Infinity":34,"b:76:4:86:Infinity:undefined:undefined:undefined:undefined":20,"s:76:4:86:Infinity":35,"b:77:6:78:Infinity:undefined:undefined:undefined:undefined":21,"s:77:6:78:Infinity":36,"b:77:10:77:48:77:48:77:Infinity":22,"s:78:8:78:Infinity":37,"b:79:6:80:Infinity:undefined:undefined:undefined:undefined":23,"s:79:6:80:Infinity":38,"b:79:10:79:48:79:48:79:Infinity":24,"s:80:8:80:Infinity":39,"b:81:6:82:Infinity:undefined:undefined:undefined:undefined":25,"s:81:6:82:Infinity":40,"s:82:8:82:Infinity":41,"b:83:6:84:Infinity:undefined:undefined:undefined:undefined":26,"s:83:6:84:Infinity":42,"s:84:8:84:Infinity":43,"b:85:6:86:Infinity:undefined:undefined:undefined:undefined":27,"s:85:6:86:Infinity":44,"s:86:8:86:Infinity":45,"b:92:6:94:Infinity:95:6:98:Infinity:99:6:101:Infinity:102:6:104:Infinity:105:6:111:Infinity:112:6:118:Infinity:119:6:125:Infinity:126:6:128:Infinity:129:6:135:Infinity:136:6:140:Infinity:141:6:142:Infinity":28,"s:91:4:142:Infinity":46,"s:93:8:93:Infinity":47,"s:94:8:94:Infinity":48,"s:96:8:97:Infinity":49,"s:98:8:98:Infinity":50,"s:100:8:100:Infinity":51,"s:101:8:101:Infinity":52,"s:103:8:103:Infinity":53,"s:104:8:104:Infinity":54,"s:106:8:109:Infinity":55,"f:108:28:108:32":7,"s:108:37:108:Infinity":56,"s:111:8:111:Infinity":57,"s:113:8:116:Infinity":58,"f:115:28:115:32":8,"s:115:37:115:Infinity":59,"s:118:8:118:Infinity":60,"s:120:8:123:Infinity":61,"f:122:28:122:32":9,"s:122:37:122:Infinity":62,"s:125:8:125:Infinity":63,"s:127:8:127:Infinity":64,"s:128:8:128:Infinity":65,"s:130:8:133:Infinity":66,"f:131:38:131:58":10,"s:131:58:131:Infinity":67,"s:135:8:135:Infinity":68,"s:137:8:139:Infinity":69,"b:138:22:138:30:138:30:138:Infinity":29,"s:140:8:140:Infinity":70,"s:142:8:142:Infinity":71,"s:145:4:154:Infinity":72,"s:159:23:159:45":73,"b:160:2:161:Infinity:undefined:undefined:undefined:undefined":30,"s:160:2:161:Infinity":74,"s:161:4:161:Infinity":75,"s:164:2:176:Infinity":76,"f:166:20:166:25":11,"s:167:8:174:Infinity":77,"b:168:11:168:Infinity:169:12:173:18":31,"f:183:16:183:33":12,"s:184:32:184:34":78,"s:185:2:187:Infinity":79,"b:186:4:187:Infinity:undefined:undefined:undefined:undefined":32,"s:186:4:187:Infinity":80,"b:186:8:186:40:186:40:186:65":33,"s:187:6:187:Infinity":81,"s:190:2:190:Infinity":82,"f:196:16:196:32":13,"s:197:2:211:Infinity":83,"f:198:5:198:12":14,"s:198:17:198:36":84,"f:199:5:199:11":15,"s:199:20:199:46":85,"f:200:5:200:9":16,"s:200:15:211:7":86}}}
,"/Users/admin/gt/hc_lims/polecats/guzzle/hc_lims/src/components/RouteGuard.tsx": {"path":"/Users/admin/gt/hc_lims/polecats/guzzle/hc_lims/src/components/RouteGuard.tsx","statementMap":{"0":{"start":{"line":12,"column":13},"end":{"line":53,"column":null}},"1":{"start":{"line":17,"column":38},"end":{"line":17,"column":61}},"2":{"start":{"line":18,"column":8},"end":{"line":18,"column":32}},"3":{"start":{"line":19,"column":8},"end":{"line":19,"column":32}},"4":{"start":{"line":21,"column":2},"end":{"line":25,"column":null}},"5":{"start":{"line":22,"column":4},"end":{"line":23,"column":null}},"6":{"start":{"line":23,"column":6},"end":{"line":23,"column":null}},"7":{"start":{"line":27,"column":2},"end":{"line":31,"column":null}},"8":{"start":{"line":28,"column":4},"end":{"line":31,"column":null}},"9":{"start":{"line":35,"column":2},"end":{"line":36,"column":null}},"10":{"start":{"line":36,"column":4},"end":{"line":36,"column":null}},"11":{"start":{"line":39,"column":2},"end":{"line":47,"column":null}},"12":{"start":{"line":40,"column":26},"end":{"line":41,"column":null}},"13":{"start":{"line":41,"column":6},"end":{"line":41,"column":68}},"14":{"start":{"line":43,"column":4},"end":{"line":47,"column":null}},"15":{"start":{"line":44,"column":6},"end":{"line":47,"column":null}},"16":{"start":{"line":53,"column":2},"end":{"line":53,"column":null}}},"fnMap":{"0":{"name":"(anonymous_0)","decl":{"start":{"line":12,"column":13},"end":{"line":12,"column":54}},"loc":{"start":{"line":16,"column":6},"end":{"line":53,"column":null}},"line":16},"1":{"name":"(anonymous_1)","decl":{"start":{"line":21,"column":2},"end":{"line":21,"column":18}},"loc":{"start":{"line":21,"column":18},"end":{"line":25,"column":6}},"line":21},"2":{"name":"(anonymous_2)","decl":{"start":{"line":40,"column":38},"end":{"line":40,"column":44}},"loc":{"start":{"line":41,"column":6},"end":{"line":41,"column":68}},"line":41}},"branchMap":{"0":{"loc":{"start":{"line":14,"column":2},"end":{"line":14,"column":null}},"type":"default-arg","locations":[{"start":{"line":14,"column":16},"end":{"line":14,"column":null}}],"line":14},"1":{"loc":{"start":{"line":15,"column":2},"end":{"line":15,"column":18}},"type":"default-arg","locations":[{"start":{"line":15,"column":16},"end":{"line":15,"column":18}}],"line":15},"2":{"loc":{"start":{"line":22,"column":4},"end":{"line":23,"column":null}},"type":"if","locations":[{"start":{"line":22,"column":4},"end":{"line":23,"column":null}},{"start":{},"end":{}}],"line":22},"3":{"loc":{"start":{"line":22,"column":8},"end":{"line":22,"column":55}},"type":"binary-expr","locations":[{"start":{"line":22,"column":8},"end":{"line":22,"column":22}},{"start":{"line":22,"column":22},"end":{"line":22,"column":37}},{"start":{"line":22,"column":37},"end":{"line":22,"column":55}}],"line":22},"4":{"loc":{"start":{"line":27,"column":2},"end":{"line":31,"column":null}},"type":"if","locations":[{"start":{"line":27,"column":2},"end":{"line":31,"column":null}},{"start":{},"end":{}}],"line":27},"5":{"loc":{"start":{"line":35,"column":2},"end":{"line":36,"column":null}},"type":"if","locations":[{"start":{"line":35,"column":2},"end":{"line":36,"column":null}},{"start":{},"end":{}}],"line":35},"6":{"loc":{"start":{"line":35,"column":6},"end":{"line":35,"column":39}},"type":"binary-expr","locations":[{"start":{"line":35,"column":6},"end":{"line":35,"column":21}},{"start":{"line":35,"column":21},"end":{"line":35,"column":39}}],"line":35},"7":{"loc":{"start":{"line":39,"column":2},"end":{"line":47,"column":null}},"type":"if","locations":[{"start":{"line":39,"column":2},"end":{"line":47,"column":null}},{"start":{},"end":{}}],"line":39},"8":{"loc":{"start":{"line":39,"column":6},"end":{"line":39,"column":38}},"type":"binary-expr","locations":[{"start":{"line":39,"column":6},"end":{"line":39,"column":32}},{"start":{"line":39,"column":32},"end":{"line":39,"column":38}}],"line":39},"9":{"loc":{"start":{"line":41,"column":6},"end":{"line":41,"column":68}},"type":"binary-expr","locations":[{"start":{"line":41,"column":6},"end":{"line":41,"column":34}},{"start":{"line":41,"column":38},"end":{"line":41,"column":68}}],"line":41},"10":{"loc":{"start":{"line":43,"column":4},"end":{"line":47,"column":null}},"type":"if","locations":[{"start":{"line":43,"column":4},"end":{"line":47,"column":null}},{"start":{},"end":{}}],"line":43}},"s":{"0":2,"1":7,"2":7,"3":7,"4":7,"5":7,"6":1,"7":7,"8":1,"9":6,"10":1,"11":5,"12":3,"13":3,"14":3,"15":1,"16":4},"f":{"0":7,"1":7,"2":3},"b":{"0":[7],"1":[7],"2":[1,6],"3":[7,6,5],"4":[1,6],"5":[1,5],"6":[6,5],"7":[3,2],"8":[5,3],"9":[3,2],"10":[1,2]},"meta":{"lastBranch":11,"lastFunction":3,"lastStatement":17,"seen":{"s:12:13:53:Infinity":0,"f:12:13:12:54":0,"b:14:16:14:Infinity":0,"b:15:16:15:18":1,"s:17:38:17:61":1,"s:18:8:18:32":2,"s:19:8:19:32":3,"s:21:2:25:Infinity":4,"f:21:2:21:18":1,"b:22:4:23:Infinity:undefined:undefined:undefined:undefined":2,"s:22:4:23:Infinity":5,"b:22:8:22:22:22:22:22:37:22:37:22:55":3,"s:23:6:23:Infinity":6,"b:27:2:31:Infinity:undefined:undefined:undefined:undefined":4,"s:27:2:31:Infinity":7,"s:28:4:31:Infinity":8,"b:35:2:36:Infinity:undefined:undefined:undefined:undefined":5,"s:35:2:36:Infinity":9,"b:35:6:35:21:35:21:35:39":6,"s:36:4:36:Infinity":10,"b:39:2:47:Infinity:undefined:undefined:undefined:undefined":7,"s:39:2:47:Infinity":11,"b:39:6:39:32:39:32:39:38":8,"s:40:26:41:Infinity":12,"f:40:38:40:44":2,"s:41:6:41:68":13,"b:41:6:41:34:41:38:41:68":9,"b:43:4:47:Infinity:undefined:undefined:undefined:undefined":10,"s:43:4:47:Infinity":14,"s:44:6:47:Infinity":15,"s:53:2:53:Infinity":16}}}
,"/Users/admin/gt/hc_lims/polecats/guzzle/hc_lims/src/components/SignaturePad.tsx": {"path":"/Users/admin/gt/hc_lims/polecats/guzzle/hc_lims/src/components/SignaturePad.tsx","statementMap":{"0":{"start":{"line":5,"column":17},"end":{"line":5,"column":null}},"1":{"start":{"line":24,"column":13},"end":{"line":80,"column":null}},"2":{"start":{"line":25,"column":19},"end":{"line":25,"column":46}},"3":{"start":{"line":26,"column":18},"end":{"line":26,"column":47}},"4":{"start":{"line":28,"column":8},"end":{"line":45,"column":null}},"5":{"start":{"line":29,"column":4},"end":{"line":29,"column":null}},"6":{"start":{"line":29,"column":21},"end":{"line":29,"column":47}},"7":{"start":{"line":29,"column":47},"end":{"line":29,"column":null}},"8":{"start":{"line":30,"column":4},"end":{"line":30,"column":null}},"9":{"start":{"line":30,"column":31},"end":{"line":30,"column":54}},"10":{"start":{"line":30,"column":54},"end":{"line":30,"column":null}},"11":{"start":{"line":31,"column":4},"end":{"line":31,"column":null}},"12":{"start":{"line":32,"column":4},"end":{"line":45,"column":null}},"13":{"start":{"line":33,"column":29},"end":{"line":39,"column":null}},"14":{"start":{"line":40,"column":6},"end":{"line":40,"column":null}},"15":{"start":{"line":41,"column":6},"end":{"line":41,"column":null}},"16":{"start":{"line":42,"column":6},"end":{"line":42,"column":null}},"17":{"start":{"line":43,"column":6},"end":{"line":43,"column":null}},"18":{"start":{"line":44,"column":6},"end":{"line":44,"column":null}},"19":{"start":{"line":48,"column":2},"end":{"line":80,"column":null}},"20":{"start":{"line":49,"column":96},"end":{"line":49,"column":113}},"21":{"start":{"line":49,"column":113},"end":{"line":49,"column":127}},"22":{"start":{"line":61,"column":27},"end":{"line":61,"column":54}},"23":{"start":{"line":71,"column":35},"end":{"line":71,"column":52}},"24":{"start":{"line":71,"column":52},"end":{"line":71,"column":66}},"25":{"start":{"line":84,"column":13},"end":{"line":90,"column":null}},"26":{"start":{"line":85,"column":2},"end":{"line":90,"column":null}}},"fnMap":{"0":{"name":"(anonymous_0)","decl":{"start":{"line":24,"column":13},"end":{"line":24,"column":58}},"loc":{"start":{"line":24,"column":134},"end":{"line":80,"column":null}},"line":24},"1":{"name":"(anonymous_1)","decl":{"start":{"line":28,"column":8},"end":{"line":28,"column":27}},"loc":{"start":{"line":28,"column":27},"end":{"line":45,"column":null}},"line":28},"2":{"name":"(anonymous_2)","decl":{"start":{"line":32,"column":4},"end":{"line":32,"column":21}},"loc":{"start":{"line":32,"column":21},"end":{"line":45,"column":11}},"line":32},"3":{"name":"(anonymous_3)","decl":{"start":{"line":49,"column":78},"end":{"line":49,"column":94}},"loc":{"start":{"line":49,"column":94},"end":{"line":49,"column":127}},"line":49},"4":{"name":"(anonymous_4)","decl":{"start":{"line":61,"column":12},"end":{"line":61,"column":22}},"loc":{"start":{"line":61,"column":27},"end":{"line":61,"column":54}},"line":61},"5":{"name":"(anonymous_5)","decl":{"start":{"line":71,"column":18},"end":{"line":71,"column":33}},"loc":{"start":{"line":71,"column":33},"end":{"line":71,"column":66}},"line":71},"6":{"name":"(anonymous_6)","decl":{"start":{"line":84,"column":13},"end":{"line":84,"column":69}},"loc":{"start":{"line":85,"column":2},"end":{"line":90,"column":null}},"line":85}},"branchMap":{"0":{"loc":{"start":{"line":24,"column":92},"end":{"line":24,"column":111}},"type":"default-arg","locations":[{"start":{"line":24,"column":103},"end":{"line":24,"column":111}}],"line":24},"1":{"loc":{"start":{"line":24,"column":111},"end":{"line":24,"column":134}},"type":"default-arg","locations":[{"start":{"line":24,"column":122},"end":{"line":24,"column":134}}],"line":24},"2":{"loc":{"start":{"line":29,"column":4},"end":{"line":29,"column":null}},"type":"if","locations":[{"start":{"line":29,"column":4},"end":{"line":29,"column":null}},{"start":{},"end":{}}],"line":29},"3":{"loc":{"start":{"line":30,"column":4},"end":{"line":30,"column":null}},"type":"if","locations":[{"start":{"line":30,"column":4},"end":{"line":30,"column":null}},{"start":{},"end":{}}],"line":30}},"s":{"0":2,"1":2,"2":3,"3":3,"4":3,"5":1,"6":1,"7":1,"8":0,"9":0,"10":0,"11":0,"12":0,"13":0,"14":0,"15":0,"16":0,"17":0,"18":0,"19":3,"20":0,"21":0,"22":0,"23":0,"24":0,"25":2,"26":2},"f":{"0":3,"1":1,"2":0,"3":0,"4":0,"5":0,"6":2},"b":{"0":[3],"1":[3],"2":[1,0],"3":[0,0]},"meta":{"lastBranch":4,"lastFunction":7,"lastStatement":27,"seen":{"s:5:17:5:Infinity":0,"s:24:13:80:Infinity":1,"f:24:13:24:58":0,"b:24:103:24:111":0,"b:24:122:24:134":1,"s:25:19:25:46":2,"s:26:18:26:47":3,"s:28:8:45:Infinity":4,"f:28:8:28:27":1,"b:29:4:29:Infinity:undefined:undefined:undefined:undefined":2,"s:29:4:29:Infinity":5,"s:29:21:29:47":6,"s:29:47:29:Infinity":7,"b:30:4:30:Infinity:undefined:undefined:undefined:undefined":3,"s:30:4:30:Infinity":8,"s:30:31:30:54":9,"s:30:54:30:Infinity":10,"s:31:4:31:Infinity":11,"s:32:4:45:Infinity":12,"f:32:4:32:21":2,"s:33:29:39:Infinity":13,"s:40:6:40:Infinity":14,"s:41:6:41:Infinity":15,"s:42:6:42:Infinity":16,"s:43:6:43:Infinity":17,"s:44:6:44:Infinity":18,"s:48:2:80:Infinity":19,"f:49:78:49:94":3,"s:49:96:49:113":20,"s:49:113:49:127":21,"f:61:12:61:22":4,"s:61:27:61:54":22,"f:71:18:71:33":5,"s:71:35:71:52":23,"s:71:52:71:66":24,"s:84:13:90:Infinity":25,"f:84:13:84:69":6,"s:85:2:90:Infinity":26}}}
,"/Users/admin/gt/hc_lims/polecats/guzzle/hc_lims/src/components/layout/AppHeader.tsx": {"path":"/Users/admin/gt/hc_lims/polecats/guzzle/hc_lims/src/components/layout/AppHeader.tsx","statementMap":{"0":{"start":{"line":16,"column":19},"end":{"line":16,"column":null}},"1":{"start":{"line":17,"column":17},"end":{"line":17,"column":null}},"2":{"start":{"line":23,"column":13},"end":{"line":119,"column":null}},"3":{"start":{"line":24,"column":16},"end":{"line":24,"column":41}},"4":{"start":{"line":25,"column":17},"end":{"line":25,"column":48}},"5":{"start":{"line":26,"column":8},"end":{"line":26,"column":32}},"6":{"start":{"line":28,"column":8},"end":{"line":30,"column":null}},"7":{"start":{"line":29,"column":4},"end":{"line":29,"column":null}},"8":{"start":{"line":30,"column":4},"end":{"line":30,"column":null}},"9":{"start":{"line":33,"column":16},"end":{"line":54,"column":null}},"10":{"start":{"line":56,"column":2},"end":{"line":119,"column":null}},"11":{"start":{"line":93,"column":32},"end":{"line":93,"column":68}}},"fnMap":{"0":{"name":"(anonymous_0)","decl":{"start":{"line":23,"column":13},"end":{"line":23,"column":52}},"loc":{"start":{"line":23,"column":73},"end":{"line":119,"column":null}},"line":23},"1":{"name":"(anonymous_1)","decl":{"start":{"line":28,"column":8},"end":{"line":28,"column":29}},"loc":{"start":{"line":28,"column":29},"end":{"line":30,"column":null}},"line":28},"2":{"name":"(anonymous_2)","decl":{"start":{"line":93,"column":10},"end":{"line":93,"column":21}},"loc":{"start":{"line":93,"column":32},"end":{"line":93,"column":68}},"line":93}},"branchMap":{"0":{"loc":{"start":{"line":116,"column":25},"end":{"line":116,"column":52}},"type":"binary-expr","locations":[{"start":{"line":116,"column":25},"end":{"line":116,"column":41}},{"start":{"line":116,"column":41},"end":{"line":116,"column":52}}],"line":116},"1":{"loc":{"start":{"line":116,"column":58},"end":{"line":116,"column":93}},"type":"binary-expr","locations":[{"start":{"line":116,"column":58},"end":{"line":116,"column":75}},{"start":{"line":116,"column":75},"end":{"line":116,"column":93}}],"line":116},"2":{"loc":{"start":{"line":117,"column":60},"end":{"line":117,"column":91}},"type":"binary-expr","locations":[{"start":{"line":117,"column":60},"end":{"line":117,"column":78}},{"start":{"line":117,"column":78},"end":{"line":117,"column":91}}],"line":117}},"s":{"0":2,"1":2,"2":2,"3":2,"4":2,"5":2,"6":2,"7":0,"8":0,"9":2,"10":2,"11":0},"f":{"0":2,"1":0,"2":0},"b":{"0":[2,2],"1":[2,2],"2":[2,0]},"meta":{"lastBranch":3,"lastFunction":3,"lastStatement":12,"seen":{"s:16:19:16:Infinity":0,"s:17:17:17:Infinity":1,"s:23:13:119:Infinity":2,"f:23:13:23:52":0,"s:24:16:24:41":3,"s:25:17:25:48":4,"s:26:8:26:32":5,"s:28:8:30:Infinity":6,"f:28:8:28:29":1,"s:29:4:29:Infinity":7,"s:30:4:30:Infinity":8,"s:33:16:54:Infinity":9,"s:56:2:119:Infinity":10,"f:93:10:93:21":2,"s:93:32:93:68":11,"b:116:25:116:41:116:41:116:52":0,"b:116:58:116:75:116:75:116:93":1,"b:117:60:117:78:117:78:117:91":2}}}
,"/Users/admin/gt/hc_lims/polecats/guzzle/hc_lims/src/components/layout/AppLayout.tsx": {"path":"/Users/admin/gt/hc_lims/polecats/guzzle/hc_lims/src/components/layout/AppLayout.tsx","statementMap":{"0":{"start":{"line":9,"column":20},"end":{"line":9,"column":null}},"1":{"start":{"line":11,"column":6},"end":{"line":36,"column":null}},"2":{"start":{"line":12,"column":21},"end":{"line":12,"column":53}},"3":{"start":{"line":14,"column":2},"end":{"line":36,"column":null}},"4":{"start":{"line":16,"column":37},"end":{"line":16,"column":56}},"5":{"start":{"line":36,"column":52},"end":{"line":36,"column":76}}},"fnMap":{"0":{"name":"(anonymous_0)","decl":{"start":{"line":11,"column":6},"end":{"line":11,"column":34}},"loc":{"start":{"line":11,"column":34},"end":{"line":36,"column":null}},"line":11},"1":{"name":"(anonymous_1)","decl":{"start":{"line":16,"column":17},"end":{"line":16,"column":37}},"loc":{"start":{"line":16,"column":37},"end":{"line":16,"column":56}},"line":16},"2":{"name":"(anonymous_2)","decl":{"start":{"line":36,"column":37},"end":{"line":36,"column":52}},"loc":{"start":{"line":36,"column":52},"end":{"line":36,"column":76}},"line":36}},"branchMap":{},"s":{"0":2,"1":2,"2":1,"3":1,"4":0,"5":0},"f":{"0":1,"1":0,"2":0},"b":{},"meta":{"lastBranch":0,"lastFunction":3,"lastStatement":6,"seen":{"s:9:20:9:Infinity":0,"s:11:6:36:Infinity":1,"f:11:6:11:34":0,"s:12:21:12:53":2,"s:14:2:36:Infinity":3,"f:16:17:16:37":1,"s:16:37:16:56":4,"f:36:37:36:52":2,"s:36:52:36:76":5}}}
,"/Users/admin/gt/hc_lims/polecats/guzzle/hc_lims/src/components/layout/AppSider.tsx": {"path":"/Users/admin/gt/hc_lims/polecats/guzzle/hc_lims/src/components/layout/AppSider.tsx","statementMap":{"0":{"start":{"line":15,"column":18},"end":{"line":15,"column":null}},"1":{"start":{"line":16,"column":17},"end":{"line":16,"column":null}},"2":{"start":{"line":18,"column":18},"end":{"line":52,"column":null}},"3":{"start":{"line":54,"column":20},"end":{"line":58,"column":null}},"4":{"start":{"line":60,"column":13},"end":{"line":114,"column":null}},"5":{"start":{"line":61,"column":8},"end":{"line":61,"column":32}},"6":{"start":{"line":62,"column":8},"end":{"line":62,"column":32}},"7":{"start":{"line":63,"column":20},"end":{"line":63,"column":51}},"8":{"start":{"line":64,"column":10},"end":{"line":64,"column":39}},"9":{"start":{"line":66,"column":8},"end":{"line":69,"column":16}},"10":{"start":{"line":66,"column":37},"end":{"line":69,"column":6}},"11":{"start":{"line":67,"column":4},"end":{"line":67,"column":null}},"12":{"start":{"line":67,"column":60},"end":{"line":67,"column":null}},"13":{"start":{"line":68,"column":4},"end":{"line":68,"column":null}},"14":{"start":{"line":71,"column":8},"end":{"line":73,"column":null}},"15":{"start":{"line":72,"column":22},"end":{"line":72,"column":108}},"16":{"start":{"line":72,"column":58},"end":{"line":72,"column":107}},"17":{"start":{"line":73,"column":4},"end":{"line":73,"column":null}},"18":{"start":{"line":73,"column":41},"end":{"line":73,"column":91}},"19":{"start":{"line":75,"column":22},"end":{"line":75,"column":38}},"20":{"start":{"line":77,"column":2},"end":{"line":114,"column":null}},"21":{"start":{"line":95,"column":30},"end":{"line":95,"column":43}},"22":{"start":{"line":108,"column":46},"end":{"line":111,"column":15}},"23":{"start":{"line":112,"column":34},"end":{"line":112,"column":47}}},"fnMap":{"0":{"name":"(anonymous_0)","decl":{"start":{"line":60,"column":13},"end":{"line":60,"column":40}},"loc":{"start":{"line":60,"column":40},"end":{"line":114,"column":null}},"line":60},"1":{"name":"(anonymous_1)","decl":{"start":{"line":66,"column":23},"end":{"line":66,"column":37}},"loc":{"start":{"line":66,"column":37},"end":{"line":69,"column":6}},"line":66},"2":{"name":"(anonymous_2)","decl":{"start":{"line":66,"column":84},"end":{"line":66,"column":91}},"loc":{"start":{"line":66,"column":99},"end":{"line":69,"column":6}},"line":66},"3":{"name":"(anonymous_3)","decl":{"start":{"line":71,"column":8},"end":{"line":71,"column":31}},"loc":{"start":{"line":71,"column":31},"end":{"line":73,"column":null}},"line":71},"4":{"name":"(anonymous_4)","decl":{"start":{"line":72,"column":35},"end":{"line":72,"column":44}},"loc":{"start":{"line":72,"column":58},"end":{"line":72,"column":107}},"line":72},"5":{"name":"(anonymous_5)","decl":{"start":{"line":73,"column":21},"end":{"line":73,"column":27}},"loc":{"start":{"line":73,"column":41},"end":{"line":73,"column":91}},"line":73},"6":{"name":"(anonymous_6)","decl":{"start":{"line":95,"column":8},"end":{"line":95,"column":18}},"loc":{"start":{"line":95,"column":30},"end":{"line":95,"column":43}},"line":95},"7":{"name":"(anonymous_7)","decl":{"start":{"line":108,"column":31},"end":{"line":108,"column":36}},"loc":{"start":{"line":108,"column":46},"end":{"line":111,"column":15}},"line":108},"8":{"name":"(anonymous_8)","decl":{"start":{"line":112,"column":12},"end":{"line":112,"column":22}},"loc":{"start":{"line":112,"column":34},"end":{"line":112,"column":47}},"line":112}},"branchMap":{"0":{"loc":{"start":{"line":66,"column":37},"end":{"line":69,"column":6}},"type":"cond-expr","locations":[{"start":{"line":66,"column":62},"end":{"line":66,"column":74}},{"start":{"line":66,"column":74},"end":{"line":69,"column":6}}],"line":66},"1":{"loc":{"start":{"line":67,"column":4},"end":{"line":67,"column":null}},"type":"if","locations":[{"start":{"line":67,"column":4},"end":{"line":67,"column":null}},{"start":{},"end":{}}],"line":67},"2":{"loc":{"start":{"line":67,"column":8},"end":{"line":67,"column":60}},"type":"binary-expr","locations":[{"start":{"line":67,"column":8},"end":{"line":67,"column":35}},{"start":{"line":67,"column":35},"end":{"line":67,"column":60}}],"line":67},"3":{"loc":{"start":{"line":72,"column":58},"end":{"line":72,"column":107}},"type":"cond-expr","locations":[{"start":{"line":72,"column":74},"end":{"line":72,"column":98}},{"start":{"line":72,"column":101},"end":{"line":72,"column":107}}],"line":72},"4":{"loc":{"start":{"line":73,"column":11},"end":{"line":73,"column":null}},"type":"binary-expr","locations":[{"start":{"line":73,"column":11},"end":{"line":73,"column":101}},{"start":{"line":73,"column":101},"end":{"line":73,"column":null}}],"line":73},"5":{"loc":{"start":{"line":73,"column":41},"end":{"line":73,"column":91}},"type":"binary-expr","locations":[{"start":{"line":73,"column":41},"end":{"line":73,"column":53}},{"start":{"line":73,"column":53},"end":{"line":73,"column":91}}],"line":73},"6":{"loc":{"start":{"line":93,"column":23},"end":{"line":93,"column":51}},"type":"binary-expr","locations":[{"start":{"line":93,"column":23},"end":{"line":93,"column":38}},{"start":{"line":93,"column":38},"end":{"line":93,"column":51}}],"line":93},"7":{"loc":{"start":{"line":99,"column":7},"end":{"line":114,"column":null}},"type":"binary-expr","locations":[{"start":{"line":99,"column":7},"end":{"line":99,"column":null}},{"start":{"line":100,"column":8},"end":{"line":114,"column":null}}],"line":99}},"s":{"0":2,"1":2,"2":2,"3":2,"4":2,"5":2,"6":2,"7":2,"8":2,"9":2,"10":2,"11":14,"12":4,"13":10,"14":2,"15":2,"16":10,"17":2,"18":2,"19":2,"20":2,"21":0,"22":6,"23":0},"f":{"0":2,"1":2,"2":14,"3":2,"4":10,"5":2,"6":0,"7":6,"8":0},"b":{"0":[0,2],"1":[4,10],"2":[14,12],"3":[6,4],"4":[2,0],"5":[2,2],"6":[2,0],"7":[2,2]},"meta":{"lastBranch":8,"lastFunction":9,"lastStatement":24,"seen":{"s:15:18:15:Infinity":0,"s:16:17:16:Infinity":1,"s:18:18:52:Infinity":2,"s:54:20:58:Infinity":3,"s:60:13:114:Infinity":4,"f:60:13:60:40":0,"s:61:8:61:32":5,"s:62:8:62:32":6,"s:63:20:63:51":7,"s:64:10:64:39":8,"s:66:8:69:16":9,"f:66:23:66:37":1,"s:66:37:69:6":10,"b:66:62:66:74:66:74:69:6":0,"f:66:84:66:91":2,"b:67:4:67:Infinity:undefined:undefined:undefined:undefined":1,"s:67:4:67:Infinity":11,"b:67:8:67:35:67:35:67:60":2,"s:67:60:67:Infinity":12,"s:68:4:68:Infinity":13,"s:71:8:73:Infinity":14,"f:71:8:71:31":3,"s:72:22:72:108":15,"f:72:35:72:44":4,"s:72:58:72:107":16,"b:72:74:72:98:72:101:72:107":3,"s:73:4:73:Infinity":17,"b:73:11:73:101:73:101:73:Infinity":4,"f:73:21:73:27":5,"s:73:41:73:91":18,"b:73:41:73:53:73:53:73:91":5,"s:75:22:75:38":19,"s:77:2:114:Infinity":20,"b:93:23:93:38:93:38:93:51":6,"f:95:8:95:18":6,"s:95:30:95:43":21,"b:99:7:99:Infinity:100:8:114:Infinity":7,"f:108:31:108:36":7,"s:108:46:111:15":22,"f:112:12:112:22":8,"s:112:34:112:47":23}}}
,"/Users/admin/gt/hc_lims/polecats/guzzle/hc_lims/src/components/layout/BreadcrumbNav.tsx": {"path":"/Users/admin/gt/hc_lims/polecats/guzzle/hc_lims/src/components/layout/BreadcrumbNav.tsx","statementMap":{"0":{"start":{"line":6,"column":50},"end":{"line":19,"column":null}},"1":{"start":{"line":21,"column":13},"end":{"line":50,"column":null}},"2":{"start":{"line":22,"column":8},"end":{"line":22,"column":32}},"3":{"start":{"line":23,"column":23},"end":{"line":23,"column":68}},"4":{"start":{"line":23,"column":66},"end":{"line":23,"column":68}},"5":{"start":{"line":25,"column":31},"end":{"line":32,"column":null}},"6":{"start":{"line":26,"column":16},"end":{"line":26,"column":null}},"7":{"start":{"line":27,"column":17},"end":{"line":27,"column":null}},"8":{"start":{"line":28,"column":4},"end":{"line":31,"column":null}},"9":{"start":{"line":34,"column":26},"end":{"line":43,"column":null}},"10":{"start":{"line":46,"column":2},"end":{"line":50,"column":null}}},"fnMap":{"0":{"name":"(anonymous_0)","decl":{"start":{"line":21,"column":13},"end":{"line":21,"column":45}},"loc":{"start":{"line":21,"column":45},"end":{"line":50,"column":null}},"line":21},"1":{"name":"(anonymous_1)","decl":{"start":{"line":23,"column":52},"end":{"line":23,"column":60}},"loc":{"start":{"line":23,"column":66},"end":{"line":23,"column":68}},"line":23},"2":{"name":"(anonymous_2)","decl":{"start":{"line":25,"column":44},"end":{"line":25,"column":49}},"loc":{"start":{"line":25,"column":62},"end":{"line":32,"column":null}},"line":25}},"branchMap":{"0":{"loc":{"start":{"line":27,"column":17},"end":{"line":27,"column":null}},"type":"binary-expr","locations":[{"start":{"line":27,"column":17},"end":{"line":27,"column":43}},{"start":{"line":27,"column":43},"end":{"line":27,"column":null}}],"line":27},"1":{"loc":{"start":{"line":30,"column":13},"end":{"line":30,"column":null}},"type":"cond-expr","locations":[{"start":{"line":30,"column":49},"end":{"line":30,"column":56}},{"start":{"line":30,"column":56},"end":{"line":30,"column":null}}],"line":30}},"s":{"0":2,"1":2,"2":1,"3":1,"4":2,"5":1,"6":1,"7":1,"8":1,"9":1,"10":1},"f":{"0":1,"1":2,"2":1},"b":{"0":[1,0],"1":[1,0]},"meta":{"lastBranch":2,"lastFunction":3,"lastStatement":11,"seen":{"s:6:50:19:Infinity":0,"s:21:13:50:Infinity":1,"f:21:13:21:45":0,"s:22:8:22:32":2,"s:23:23:23:68":3,"f:23:52:23:60":1,"s:23:66:23:68":4,"s:25:31:32:Infinity":5,"f:25:44:25:49":2,"s:26:16:26:Infinity":6,"s:27:17:27:Infinity":7,"b:27:17:27:43:27:43:27:Infinity":0,"s:28:4:31:Infinity":8,"b:30:49:30:56:30:56:30:Infinity":1,"s:34:26:43:Infinity":9,"s:46:2:50:Infinity":10}}}
,"/Users/admin/gt/hc_lims/polecats/guzzle/hc_lims/src/components/layout/RightDrawer.tsx": {"path":"/Users/admin/gt/hc_lims/polecats/guzzle/hc_lims/src/components/layout/RightDrawer.tsx","statementMap":{"0":{"start":{"line":10,"column":17},"end":{"line":10,"column":null}},"1":{"start":{"line":17,"column":22},"end":{"line":39,"column":null}},"2":{"start":{"line":41,"column":13},"end":{"line":91,"column":null}},"3":{"start":{"line":42,"column":2},"end":{"line":91,"column":null}},"4":{"start":{"line":59,"column":10},"end":{"line":88,"column":null}}},"fnMap":{"0":{"name":"(anonymous_0)","decl":{"start":{"line":41,"column":13},"end":{"line":41,"column":56}},"loc":{"start":{"line":41,"column":78},"end":{"line":91,"column":null}},"line":41},"1":{"name":"(anonymous_1)","decl":{"start":{"line":58,"column":8},"end":{"line":58,"column":21}},"loc":{"start":{"line":59,"column":10},"end":{"line":88,"column":null}},"line":59}},"branchMap":{"0":{"loc":{"start":{"line":64,"column":20},"end":{"line":69,"column":null}},"type":"cond-expr","locations":[{"start":{"line":65,"column":22},"end":{"line":66,"column":29}},{"start":{"line":66,"column":24},"end":{"line":69,"column":null}}],"line":64},"1":{"loc":{"start":{"line":66,"column":24},"end":{"line":69,"column":null}},"type":"cond-expr","locations":[{"start":{"line":67,"column":22},"end":{"line":69,"column":23}},{"start":{"line":69,"column":22},"end":{"line":69,"column":null}}],"line":66}},"s":{"0":2,"1":2,"2":2,"3":2,"4":3},"f":{"0":2,"1":3},"b":{"0":[1,2],"1":[1,1]},"meta":{"lastBranch":2,"lastFunction":2,"lastStatement":5,"seen":{"s:10:17:10:Infinity":0,"s:17:22:39:Infinity":1,"s:41:13:91:Infinity":2,"f:41:13:41:56":0,"s:42:2:91:Infinity":3,"f:58:8:58:21":1,"s:59:10:88:Infinity":4,"b:65:22:66:29:66:24:69:Infinity":0,"b:67:22:69:23:69:22:69:Infinity":1}}}
,"/Users/admin/gt/hc_lims/polecats/guzzle/hc_lims/src/domain/stateMachine.ts": {"path":"/Users/admin/gt/hc_lims/polecats/guzzle/hc_lims/src/domain/stateMachine.ts","statementMap":{"0":{"start":{"line":32,"column":71},"end":{"line":41,"column":null}},"1":{"start":{"line":44,"column":65},"end":{"line":52,"column":null}},"2":{"start":{"line":55,"column":71},"end":{"line":63,"column":null}},"3":{"start":{"line":68,"column":2},"end":{"line":68,"column":null}},"4":{"start":{"line":72,"column":2},"end":{"line":72,"column":null}},"5":{"start":{"line":76,"column":2},"end":{"line":76,"column":null}},"6":{"start":{"line":80,"column":2},"end":{"line":80,"column":null}},"7":{"start":{"line":84,"column":2},"end":{"line":84,"column":null}},"8":{"start":{"line":93,"column":37},"end":{"line":101,"column":null}},"9":{"start":{"line":103,"column":33},"end":{"line":109,"column":null}},"10":{"start":{"line":111,"column":37},"end":{"line":118,"column":null}},"11":{"start":{"line":121,"column":2},"end":{"line":123,"column":null}},"12":{"start":{"line":121,"column":15},"end":{"line":121,"column":18}},"13":{"start":{"line":122,"column":4},"end":{"line":123,"column":null}},"14":{"start":{"line":123,"column":6},"end":{"line":123,"column":null}},"15":{"start":{"line":126,"column":2},"end":{"line":128,"column":null}},"16":{"start":{"line":126,"column":15},"end":{"line":126,"column":18}},"17":{"start":{"line":127,"column":4},"end":{"line":128,"column":null}},"18":{"start":{"line":128,"column":6},"end":{"line":128,"column":null}},"19":{"start":{"line":131,"column":2},"end":{"line":133,"column":null}},"20":{"start":{"line":131,"column":15},"end":{"line":131,"column":18}},"21":{"start":{"line":132,"column":4},"end":{"line":133,"column":null}},"22":{"start":{"line":133,"column":6},"end":{"line":133,"column":null}},"23":{"start":{"line":137,"column":2},"end":{"line":137,"column":null}}},"fnMap":{"0":{"name":"canTransition","decl":{"start":{"line":65,"column":16},"end":{"line":65,"column":null}},"loc":{"start":{"line":67,"column":61},"end":{"line":68,"column":null}},"line":67},"1":{"name":"getNextStatuses","decl":{"start":{"line":71,"column":16},"end":{"line":71,"column":50}},"loc":{"start":{"line":71,"column":96},"end":{"line":72,"column":null}},"line":71},"2":{"name":"transitionSample","decl":{"start":{"line":75,"column":16},"end":{"line":75,"column":33}},"loc":{"start":{"line":75,"column":85},"end":{"line":76,"column":null}},"line":75},"3":{"name":"transitionTask","decl":{"start":{"line":79,"column":16},"end":{"line":79,"column":31}},"loc":{"start":{"line":79,"column":79},"end":{"line":80,"column":null}},"line":79},"4":{"name":"transitionReport","decl":{"start":{"line":83,"column":16},"end":{"line":83,"column":33}},"loc":{"start":{"line":83,"column":85},"end":{"line":84,"column":null}},"line":83},"5":{"name":"runFullWorkflow","decl":{"start":{"line":88,"column":16},"end":{"line":88,"column":null}},"loc":{"start":{"line":92,"column":2},"end":{"line":137,"column":null}},"line":92}},"branchMap":{"0":{"loc":{"start":{"line":68,"column":10},"end":{"line":68,"column":36}},"type":"binary-expr","locations":[{"start":{"line":68,"column":10},"end":{"line":68,"column":34}},{"start":{"line":68,"column":34},"end":{"line":68,"column":36}}],"line":68},"1":{"loc":{"start":{"line":72,"column":9},"end":{"line":72,"column":35}},"type":"binary-expr","locations":[{"start":{"line":72,"column":9},"end":{"line":72,"column":33}},{"start":{"line":72,"column":33},"end":{"line":72,"column":35}}],"line":72},"2":{"loc":{"start":{"line":122,"column":4},"end":{"line":123,"column":null}},"type":"if","locations":[{"start":{"line":122,"column":4},"end":{"line":123,"column":null}},{"start":{},"end":{}}],"line":122},"3":{"loc":{"start":{"line":127,"column":4},"end":{"line":128,"column":null}},"type":"if","locations":[{"start":{"line":127,"column":4},"end":{"line":128,"column":null}},{"start":{},"end":{}}],"line":127},"4":{"loc":{"start":{"line":132,"column":4},"end":{"line":133,"column":null}},"type":"if","locations":[{"start":{"line":132,"column":4},"end":{"line":133,"column":null}},{"start":{},"end":{}}],"line":132}},"s":{"0":1,"1":1,"2":1,"3":72,"4":2,"5":25,"6":21,"7":24,"8":2,"9":2,"10":2,"11":2,"12":2,"13":12,"14":0,"15":2,"16":2,"17":8,"18":0,"19":2,"20":2,"21":10,"22":0,"23":2},"f":{"0":72,"1":2,"2":25,"3":21,"4":24,"5":2},"b":{"0":[72,0],"1":[2,1],"2":[0,12],"3":[0,8],"4":[0,10]},"meta":{"lastBranch":5,"lastFunction":6,"lastStatement":24,"seen":{"s:32:71:41:Infinity":0,"s:44:65:52:Infinity":1,"s:55:71:63:Infinity":2,"f:65:16:65:Infinity":0,"s:68:2:68:Infinity":3,"b:68:10:68:34:68:34:68:36":0,"f:71:16:71:50":1,"s:72:2:72:Infinity":4,"b:72:9:72:33:72:33:72:35":1,"f:75:16:75:33":2,"s:76:2:76:Infinity":5,"f:79:16:79:31":3,"s:80:2:80:Infinity":6,"f:83:16:83:33":4,"s:84:2:84:Infinity":7,"f:88:16:88:Infinity":5,"s:93:37:101:Infinity":8,"s:103:33:109:Infinity":9,"s:111:37:118:Infinity":10,"s:121:2:123:Infinity":11,"s:121:15:121:18":12,"b:122:4:123:Infinity:undefined:undefined:undefined:undefined":2,"s:122:4:123:Infinity":13,"s:123:6:123:Infinity":14,"s:126:2:128:Infinity":15,"s:126:15:126:18":16,"b:127:4:128:Infinity:undefined:undefined:undefined:undefined":3,"s:127:4:128:Infinity":17,"s:128:6:128:Infinity":18,"s:131:2:133:Infinity":19,"s:131:15:131:18":20,"b:132:4:133:Infinity:undefined:undefined:undefined:undefined":4,"s:132:4:133:Infinity":21,"s:133:6:133:Infinity":22,"s:137:2:137:Infinity":23}}}
[...]
,"/Users/admin/gt/hc_lims/polecats/guzzle/hc_lims/src/stores/labTypeStore.ts": {"path":"/Users/admin/gt/hc_lims/polecats/guzzle/hc_lims/src/stores/labTypeStore.ts","statementMap":{"0":{"start":{"line":12,"column":20},"end":{"line":12,"column":null}},"1":{"start":{"line":14,"column":6},"end":{"line":19,"column":null}},"2":{"start":{"line":15,"column":2},"end":{"line":18,"column":null}},"3":{"start":{"line":16,"column":19},"end":{"line":16,"column":52}},"4":{"start":{"line":17,"column":4},"end":{"line":17,"column":null}},"5":{"start":{"line":17,"column":58},"end":{"line":17,"column":null}},"6":{"start":{"line":19,"column":2},"end":{"line":19,"column":null}},"7":{"start":{"line":22,"column":13},"end":{"line":31,"column":3}},"8":{"start":{"line":22,"column":67},"end":{"line":31,"column":3}},"9":{"start":{"line":25,"column":4},"end":{"line":25,"column":null}},"10":{"start":{"line":26,"column":4},"end":{"line":26,"column":null}},"11":{"start":{"line":27,"column":4},"end":{"line":27,"column":null}},"12":{"start":{"line":29,"column":20},"end":{"line":29,"column":null}},"13":{"start":{"line":30,"column":22},"end":{"line":30,"column":null}}},"fnMap":{"0":{"name":"(anonymous_0)","decl":{"start":{"line":14,"column":6},"end":{"line":14,"column":38}},"loc":{"start":{"line":14,"column":38},"end":{"line":19,"column":null}},"line":14},"1":{"name":"(anonymous_1)","decl":{"start":{"line":22,"column":31},"end":{"line":22,"column":53}},"loc":{"start":{"line":22,"column":67},"end":{"line":31,"column":3}},"line":22},"2":{"name":"(anonymous_2)","decl":{"start":{"line":24,"column":2},"end":{"line":24,"column":15}},"loc":{"start":{"line":24,"column":24},"end":{"line":27,"column":null}},"line":24},"3":{"name":"(anonymous_3)","decl":{"start":{"line":29,"column":2},"end":{"line":29,"column":20}},"loc":{"start":{"line":29,"column":20},"end":{"line":29,"column":null}},"line":29},"4":{"name":"(anonymous_4)","decl":{"start":{"line":30,"column":2},"end":{"line":30,"column":22}},"loc":{"start":{"line":30,"column":22},"end":{"line":30,"column":null}},"line":30}},"branchMap":{"0":{"loc":{"start":{"line":17,"column":4},"end":{"line":17,"column":null}},"type":"if","locations":[{"start":{"line":17,"column":4},"end":{"line":17,"column":null}},{"start":{},"end":{}}],"line":17},"1":{"loc":{"start":{"line":17,"column":8},"end":{"line":17,"column":58}},"type":"binary-expr","locations":[{"start":{"line":17,"column":8},"end":{"line":17,"column":33}},{"start":{"line":17,"column":33},"end":{"line":17,"column":58}}],"line":17}},"s":{"0":5,"1":5,"2":5,"3":5,"4":5,"5":0,"6":5,"7":5,"8":5,"9":2,"10":2,"11":2,"12":2,"13":2},"f":{"0":5,"1":5,"2":2,"3":2,"4":2},"b":{"0":[0,5],"1":[5,5]},"meta":{"lastBranch":2,"lastFunction":5,"lastStatement":14,"seen":{"s:12:20:12:Infinity":0,"s:14:6:19:Infinity":1,"f:14:6:14:38":0,"s:15:2:18:Infinity":2,"s:16:19:16:52":3,"b:17:4:17:Infinity:undefined:undefined:undefined:undefined":0,"s:17:4:17:Infinity":4,"b:17:8:17:33:17:33:17:58":1,"s:17:58:17:Infinity":5,"s:19:2:19:Infinity":6,"s:22:13:31:3":7,"f:22:31:22:53":1,"s:22:67:31:3":8,"f:24:2:24:15":2,"s:25:4:25:Infinity":9,"s:26:4:26:Infinity":10,"s:27:4:27:Infinity":11,"f:29:2:29:20":3,"s:29:20:29:Infinity":12,"f:30:2:30:22":4,"s:30:22:30:Infinity":13}}}
,"/Users/admin/gt/hc_lims/polecats/guzzle/hc_lims/src/stores/permissionStore.ts": {"path":"/Users/admin/gt/hc_lims/polecats/guzzle/hc_lims/src/stores/permissionStore.ts","statementMap":{"0":{"start":{"line":15,"column":80},"end":{"line":21,"column":null}},"1":{"start":{"line":23,"column":41},"end":{"line":23,"column":null}},"2":{"start":{"line":25,"column":13},"end":{"line":33,"column":3}},"3":{"start":{"line":25,"column":73},"end":{"line":33,"column":3}},"4":{"start":{"line":27,"column":21},"end":{"line":27,"column":44}},"5":{"start":{"line":29,"column":18},"end":{"line":29,"column":null}},"6":{"start":{"line":30,"column":4},"end":{"line":30,"column":null}},"7":{"start":{"line":32,"column":26},"end":{"line":32,"column":null}}},"fnMap":{"0":{"name":"(anonymous_0)","decl":{"start":{"line":25,"column":34},"end":{"line":25,"column":59}},"loc":{"start":{"line":25,"column":73},"end":{"line":33,"column":3}},"line":25},"1":{"name":"(anonymous_1)","decl":{"start":{"line":27,"column":2},"end":{"line":27,"column":12}},"loc":{"start":{"line":27,"column":21},"end":{"line":27,"column":44}},"line":27},"2":{"name":"(anonymous_2)","decl":{"start":{"line":28,"column":2},"end":{"line":28,"column":18}},"loc":{"start":{"line":28,"column":37},"end":{"line":30,"column":null}},"line":28},"3":{"name":"(anonymous_3)","decl":{"start":{"line":32,"column":2},"end":{"line":32,"column":17}},"loc":{"start":{"line":32,"column":26},"end":{"line":32,"column":null}},"line":32}},"branchMap":{"0":{"loc":{"start":{"line":30,"column":11},"end":{"line":30,"column":null}},"type":"cond-expr","locations":[{"start":{"line":30,"column":19},"end":{"line":30,"column":41}},{"start":{"line":30,"column":44},"end":{"line":30,"column":null}}],"line":30},"1":{"loc":{"start":{"line":32,"column":26},"end":{"line":32,"column":null}},"type":"binary-expr","locations":[{"start":{"line":32,"column":26},"end":{"line":32,"column":46}},{"start":{"line":32,"column":46},"end":{"line":32,"column":null}}],"line":32}},"s":{"0":2,"1":2,"2":2,"3":2,"4":10,"5":26,"6":26,"7":7},"f":{"0":2,"1":10,"2":26,"3":7},"b":{"0":[25,1],"1":[7,0]},"meta":{"lastBranch":2,"lastFunction":4,"lastStatement":8,"seen":{"s:15:80:21:Infinity":0,"s:23:41:23:Infinity":1,"s:25:13:33:3":2,"f:25:34:25:59":0,"s:25:73:33:3":3,"f:27:2:27:12":1,"s:27:21:27:44":4,"f:28:2:28:18":2,"s:29:18:29:Infinity":5,"s:30:4:30:Infinity":6,"b:30:19:30:41:30:44:30:Infinity":0,"f:32:2:32:17":3,"s:32:26:32:Infinity":7,"b:32:26:32:46:32:46:32:Infinity":1}}}
,"/Users/admin/gt/hc_lims/polecats/guzzle/hc_lims/src/stores/themeStore.ts": {"path":"/Users/admin/gt/hc_lims/polecats/guzzle/hc_lims/src/stores/themeStore.ts","statementMap":{"0":{"start":{"line":15,"column":20},"end":{"line":15,"column":null}},"1":{"start":{"line":17,"column":13},"end":{"line":41,"column":3}},"2":{"start":{"line":17,"column":63},"end":{"line":41,"column":3}},"3":{"start":{"line":21,"column":17},"end":{"line":21,"column":null}},"4":{"start":{"line":22,"column":4},"end":{"line":22,"column":null}},"5":{"start":{"line":23,"column":4},"end":{"line":23,"column":null}},"6":{"start":{"line":24,"column":4},"end":{"line":24,"column":null}},"7":{"start":{"line":27,"column":17},"end":{"line":27,"column":null}},"8":{"start":{"line":28,"column":4},"end":{"line":28,"column":null}},"9":{"start":{"line":29,"column":4},"end":{"line":29,"column":null}},"10":{"start":{"line":30,"column":4},"end":{"line":30,"column":null}},"11":{"start":{"line":33,"column":4},"end":{"line":33,"column":null}},"12":{"start":{"line":34,"column":4},"end":{"line":34,"column":null}},"13":{"start":{"line":35,"column":4},"end":{"line":35,"column":null}},"14":{"start":{"line":37,"column":20},"end":{"line":40,"column":null}}},"fnMap":{"0":{"name":"(anonymous_0)","decl":{"start":{"line":17,"column":29},"end":{"line":17,"column":49}},"loc":{"start":{"line":17,"column":63},"end":{"line":41,"column":3}},"line":17},"1":{"name":"(anonymous_1)","decl":{"start":{"line":20,"column":2},"end":{"line":20,"column":16}},"loc":{"start":{"line":20,"column":16},"end":{"line":24,"column":null}},"line":20},"2":{"name":"(anonymous_2)","decl":{"start":{"line":26,"column":2},"end":{"line":26,"column":21}},"loc":{"start":{"line":26,"column":21},"end":{"line":30,"column":null}},"line":26},"3":{"name":"(anonymous_3)","decl":{"start":{"line":32,"column":2},"end":{"line":32,"column":12}},"loc":{"start":{"line":32,"column":21},"end":{"line":35,"column":null}},"line":32},"4":{"name":"(anonymous_4)","decl":{"start":{"line":37,"column":2},"end":{"line":37,"column":20}},"loc":{"start":{"line":37,"column":20},"end":{"line":40,"column":null}},"line":37}},"branchMap":{"0":{"loc":{"start":{"line":18,"column":10},"end":{"line":18,"column":null}},"type":"binary-expr","locations":[{"start":{"line":18,"column":10},"end":{"line":18,"column":43}},{"start":{"line":18,"column":61},"end":{"line":18,"column":null}}],"line":18},"1":{"loc":{"start":{"line":19,"column":9},"end":{"line":19,"column":null}},"type":"binary-expr","locations":[{"start":{"line":19,"column":9},"end":{"line":19,"column":42}},{"start":{"line":19,"column":60},"end":{"line":19,"column":null}}],"line":19},"2":{"loc":{"start":{"line":21,"column":17},"end":{"line":21,"column":null}},"type":"cond-expr","locations":[{"start":{"line":21,"column":43},"end":{"line":21,"column":52}},{"start":{"line":21,"column":52},"end":{"line":21,"column":null}}],"line":21},"3":{"loc":{"start":{"line":27,"column":17},"end":{"line":27,"column":null}},"type":"cond-expr","locations":[{"start":{"line":27,"column":43},"end":{"line":27,"column":52}},{"start":{"line":27,"column":52},"end":{"line":27,"column":null}}],"line":27},"4":{"loc":{"start":{"line":38,"column":15},"end":{"line":38,"column":null}},"type":"cond-expr","locations":[{"start":{"line":38,"column":40},"end":{"line":38,"column":65}},{"start":{"line":38,"column":65},"end":{"line":38,"column":null}}],"line":38}},"s":{"0":3,"1":3,"2":3,"3":1,"4":1,"5":1,"6":1,"7":1,"8":1,"9":1,"10":1,"11":1,"12":1,"13":1,"14":1},"f":{"0":3,"1":1,"2":1,"3":1,"4":1},"b":{"0":[3,3],"1":[3,3],"2":[1,0],"3":[1,0],"4":[0,1]},"meta":{"lastBranch":5,"lastFunction":5,"lastStatement":15,"seen":{"s:15:20:15:Infinity":0,"s:17:13:41:3":1,"f:17:29:17:49":0,"s:17:63:41:3":2,"b:18:10:18:43:18:61:18:Infinity":0,"b:19:9:19:42:19:60:19:Infinity":1,"f:20:2:20:16":1,"s:21:17:21:Infinity":3,"b:21:43:21:52:21:52:21:Infinity":2,"s:22:4:22:Infinity":4,"s:23:4:23:Infinity":5,"s:24:4:24:Infinity":6,"f:26:2:26:21":2,"s:27:17:27:Infinity":7,"b:27:43:27:52:27:52:27:Infinity":3,"s:28:4:28:Infinity":8,"s:29:4:29:Infinity":9,"s:30:4:30:Infinity":10,"f:32:2:32:12":3,"s:33:4:33:Infinity":11,"s:34:4:34:Infinity":12,"s:35:4:35:Infinity":13,"f:37:2:37:20":4,"s:37:20:40:Infinity":14,"b:38:40:38:65:38:65:38:Infinity":4}}}
,"/Users/admin/gt/hc_lims/polecats/guzzle/hc_lims/src/utils/export.ts": {"path":"/Users/admin/gt/hc_lims/polecats/guzzle/hc_lims/src/utils/export.ts","statementMap":{"0":{"start":{"line":2,"column":2},"end":{"line":2,"column":null}},"1":{"start":{"line":2,"column":20},"end":{"line":2,"column":null}},"2":{"start":{"line":3,"column":15},"end":{"line":3,"column":46}},"3":{"start":{"line":4,"column":21},"end":{"line":10,"column":14}},"4":{"start":{"line":6,"column":23},"end":{"line":9,"column":16}},"5":{"start":{"line":7,"column":18},"end":{"line":7,"column":null}},"6":{"start":{"line":8,"column":6},"end":{"line":8,"column":null}},"7":{"start":{"line":12,"column":15},"end":{"line":12,"column":85}},"8":{"start":{"line":13,"column":14},"end":{"line":13,"column":39}},"9":{"start":{"line":14,"column":15},"end":{"line":14,"column":42}},"10":{"start":{"line":15,"column":2},"end":{"line":15,"column":null}},"11":{"start":{"line":16,"column":2},"end":{"line":16,"column":null}},"12":{"start":{"line":17,"column":2},"end":{"line":17,"column":null}},"13":{"start":{"line":18,"column":2},"end":{"line":18,"column":null}},"14":{"start":{"line":22,"column":15},"end":{"line":22,"column":86}},"15":{"start":{"line":23,"column":14},"end":{"line":23,"column":39}},"16":{"start":{"line":24,"column":15},"end":{"line":24,"column":42}},"17":{"start":{"line":25,"column":2},"end":{"line":25,"column":null}},"18":{"start":{"line":26,"column":2},"end":{"line":26,"column":null}},"19":{"start":{"line":27,"column":2},"end":{"line":27,"column":null}},"20":{"start":{"line":28,"column":2},"end":{"line":28,"column":null}},"21":{"start":{"line":32,"column":29},"end":{"line":32,"column":null}},"22":{"start":{"line":33,"column":14},"end":{"line":33,"column":25}},"23":{"start":{"line":34,"column":2},"end":{"line":34,"column":null}},"24":{"start":{"line":35,"column":2},"end":{"line":35,"column":null}},"25":{"start":{"line":36,"column":2},"end":{"line":36,"column":null}},"26":{"start":{"line":37,"column":16},"end":{"line":37,"column":49}},"27":{"start":{"line":38,"column":2},"end":{"line":38,"column":null}},"28":{"start":{"line":39,"column":2},"end":{"line":39,"column":null}},"29":{"start":{"line":43,"column":16},"end":{"line":43,"column":48}},"30":{"start":{"line":44,"column":2},"end":{"line":44,"column":null}},"31":{"start":{"line":44,"column":14},"end":{"line":44,"column":null}},"32":{"start":{"line":45,"column":15},"end":{"line":45,"column":55}},"33":{"start":{"line":46,"column":15},"end":{"line":49,"column":null}},"34":{"start":{"line":47,"column":18},"end":{"line":47,"column":60}},"35":{"start":{"line":48,"column":4},"end":{"line":48,"column":null}},"36":{"start":{"line":48,"column":26},"end":{"line":48,"column":54}},"37":{"start":{"line":50,"column":14},"end":{"line":50,"column":55}},"38":{"start":{"line":50,"column":30},"end":{"line":50,"column":43}},"39":{"start":{"line":51,"column":15},"end":{"line":51,"column":63}},"40":{"start":{"line":52,"column":14},"end":{"line":52,"column":39}},"41":{"start":{"line":53,"column":12},"end":{"line":53,"column":39}},"42":{"start":{"line":54,"column":2},"end":{"line":54,"column":null}},"43":{"start":{"line":55,"column":2},"end":{"line":55,"column":null}},"44":{"start":{"line":56,"column":2},"end":{"line":56,"column":null}},"45":{"start":{"line":57,"column":2},"end":{"line":57,"column":null}}},"fnMap":{"0":{"name":"exportCSV","decl":{"start":{"line":1,"column":16},"end":{"line":1,"column":26}},"loc":{"start":{"line":1,"column":93},"end":{"line":18,"column":null}},"line":1},"1":{"name":"(anonymous_1)","decl":{"start":{"line":6,"column":12},"end":{"line":6,"column":16}},"loc":{"start":{"line":6,"column":23},"end":{"line":9,"column":16}},"line":6},"2":{"name":"(anonymous_2)","decl":{"start":{"line":6,"column":28},"end":{"line":6,"column":32}},"loc":{"start":{"line":6,"column":37},"end":{"line":9,"column":7}},"line":6},"3":{"name":"exportJSON","decl":{"start":{"line":21,"column":16},"end":{"line":21,"column":27}},"loc":{"start":{"line":21,"column":56},"end":{"line":28,"column":null}},"line":21},"4":{"name":"exportPDF","decl":{"start":{"line":31,"column":22},"end":{"line":31,"column":32}},"loc":{"start":{"line":31,"column":82},"end":{"line":39,"column":null}},"line":31},"5":{"name":"exportFromTable","decl":{"start":{"line":42,"column":16},"end":{"line":42,"column":32}},"loc":{"start":{"line":42,"column":68},"end":{"line":57,"column":null}},"line":42},"6":{"name":"(anonymous_6)","decl":{"start":{"line":46,"column":20},"end":{"line":46,"column":24}},"loc":{"start":{"line":46,"column":31},"end":{"line":49,"column":null}},"line":46},"7":{"name":"(anonymous_7)","decl":{"start":{"line":48,"column":17},"end":{"line":48,"column":21}},"loc":{"start":{"line":48,"column":26},"end":{"line":48,"column":54}},"line":48},"8":{"name":"(anonymous_8)","decl":{"start":{"line":50,"column":19},"end":{"line":50,"column":23}},"loc":{"start":{"line":50,"column":30},"end":{"line":50,"column":43}},"line":50}},"branchMap":{"0":{"loc":{"start":{"line":2,"column":2},"end":{"line":2,"column":null}},"type":"if","locations":[{"start":{"line":2,"column":2},"end":{"line":2,"column":null}},{"start":{},"end":{}}],"line":2},"1":{"loc":{"start":{"line":3,"column":15},"end":{"line":3,"column":46}},"type":"binary-expr","locations":[{"start":{"line":3,"column":15},"end":{"line":3,"column":26}},{"start":{"line":3,"column":26},"end":{"line":3,"column":46}}],"line":3},"2":{"loc":{"start":{"line":7,"column":18},"end":{"line":7,"column":null}},"type":"binary-expr","locations":[{"start":{"line":7,"column":18},"end":{"line":7,"column":36}},{"start":{"line":7,"column":40},"end":{"line":7,"column":null}}],"line":7},"3":{"loc":{"start":{"line":8,"column":13},"end":{"line":8,"column":null}},"type":"cond-expr","locations":[{"start":{"line":8,"column":33},"end":{"line":8,"column":46}},{"start":{"line":8,"column":46},"end":{"line":8,"column":null}}],"line":8},"4":{"loc":{"start":{"line":44,"column":2},"end":{"line":44,"column":null}},"type":"if","locations":[{"start":{"line":44,"column":2},"end":{"line":44,"column":null}},{"start":{},"end":{}}],"line":44},"5":{"loc":{"start":{"line":48,"column":26},"end":{"line":48,"column":54}},"type":"binary-expr","locations":[{"start":{"line":48,"column":26},"end":{"line":48,"column":47}},{"start":{"line":48,"column":51},"end":{"line":48,"column":54}}],"line":48}},"s":{"0":4,"1":1,"2":3,"3":4,"4":4,"5":7,"6":7,"7":4,"8":4,"9":4,"10":4,"11":4,"12":4,"13":4,"14":1,"15":1,"16":1,"17":1,"18":1,"19":1,"20":1,"21":0,"22":0,"23":0,"24":0,"25":0,"26":0,"27":0,"28":0,"29":2,"30":2,"31":1,"32":1,"33":1,"34":2,"35":2,"36":4,"37":1,"38":2,"39":1,"40":1,"41":1,"42":1,"43":1,"44":1,"45":1},"f":{"0":4,"1":4,"2":7,"3":1,"4":0,"5":2,"6":2,"7":4,"8":2},"b":{"0":[1,3],"1":[3,2],"2":[7,0],"3":[1,6],"4":[1,1],"5":[4,0]},"meta":{"lastBranch":6,"lastFunction":9,"lastStatement":46,"seen":{"f:1:16:1:26":0,"b:2:2:2:Infinity:undefined:undefined:undefined:undefined":0,"s:2:2:2:Infinity":0,"s:2:20:2:Infinity":1,"s:3:15:3:46":2,"b:3:15:3:26:3:26:3:46":1,"s:4:21:10:14":3,"f:6:12:6:16":1,"s:6:23:9:16":4,"f:6:28:6:32":2,"s:7:18:7:Infinity":5,"b:7:18:7:36:7:40:7:Infinity":2,"s:8:6:8:Infinity":6,"b:8:33:8:46:8:46:8:Infinity":3,"s:12:15:12:85":7,"s:13:14:13:39":8,"s:14:15:14:42":9,"s:15:2:15:Infinity":10,"s:16:2:16:Infinity":11,"s:17:2:17:Infinity":12,"s:18:2:18:Infinity":13,"f:21:16:21:27":3,"s:22:15:22:86":14,"s:23:14:23:39":15,"s:24:15:24:42":16,"s:25:2:25:Infinity":17,"s:26:2:26:Infinity":18,"s:27:2:27:Infinity":19,"s:28:2:28:Infinity":20,"f:31:22:31:32":4,"s:32:29:32:Infinity":21,"s:33:14:33:25":22,"s:34:2:34:Infinity":23,"s:35:2:35:Infinity":24,"s:36:2:36:Infinity":25,"s:37:16:37:49":26,"s:38:2:38:Infinity":27,"s:39:2:39:Infinity":28,"f:42:16:42:32":5,"s:43:16:43:48":29,"b:44:2:44:Infinity:undefined:undefined:undefined:undefined":4,"s:44:2:44:Infinity":30,"s:44:14:44:Infinity":31,"s:45:15:45:55":32,"s:46:15:49:Infinity":33,"f:46:20:46:24":6,"s:47:18:47:60":34,"s:48:4:48:Infinity":35,"f:48:17:48:21":7,"s:48:26:48:54":36,"b:48:26:48:47:48:51:48:54":5,"s:50:14:50:55":37,"f:50:19:50:23":8,"s:50:30:50:43":38,"s:51:15:51:63":39,"s:52:14:52:39":40,"s:53:12:53:39":41,"s:54:2:54:Infinity":42,"s:55:2:55:Infinity":43,"s:56:2:56:Infinity":44,"s:57:2:57:Infinity":45}}}
}
